# Logfile created on 2017-08-04 21:07:07 +0900 by logger.rb/54072
  [1m[35m (1.4ms)[0m  [1m[35mSET NAMES utf8 COLLATE utf8_unicode_ci,  @@SESSION.sql_mode = CONCAT(CONCAT(@@sql_mode, ',STRICT_ALL_TABLES'), ',NO_AUTO_VALUE_ON_ZERO'),  @@SESSION.sql_auto_is_null = 0, @@SESSION.wait_timeout = 2147483[0m
  [1m[35m (0.3ms)[0m  [1m[35mSET NAMES utf8 COLLATE utf8_unicode_ci,  @@SESSION.sql_mode = CONCAT(CONCAT(@@sql_mode, ',STRICT_ALL_TABLES'), ',NO_AUTO_VALUE_ON_ZERO'),  @@SESSION.sql_auto_is_null = 0, @@SESSION.wait_timeout = 2147483[0m
  [1m[35m (1.6ms)[0m  [1m[35mDROP TABLE IF EXISTS `rents`[0m
  [1m[35m (35.3ms)[0m  [1m[35mCREATE TABLE `rents` (`id` bigint NOT NULL AUTO_INCREMENT PRIMARY KEY, `book_id` int, `user_id` int, `created_at` datetime NOT NULL, `updated_at` datetime NOT NULL) ENGINE=InnoDB[0m
  [1m[35m (0.2ms)[0m  [1m[35mDROP TABLE IF EXISTS `books`[0m
  [1m[35m (26.7ms)[0m  [1m[35mCREATE TABLE `books` (`id` bigint NOT NULL AUTO_INCREMENT PRIMARY KEY, `user_id` int, `created_at` datetime NOT NULL, `updated_at` datetime NOT NULL) ENGINE=InnoDB[0m
  [1m[35m (0.7ms)[0m  [1m[35mDROP TABLE IF EXISTS `users`[0m
  [1m[35m (28.4ms)[0m  [1m[35mCREATE TABLE `users` (`id` bigint NOT NULL AUTO_INCREMENT PRIMARY KEY, `created_at` datetime NOT NULL, `updated_at` datetime NOT NULL) ENGINE=InnoDB[0m
  [1m[35m (25.9ms)[0m  [1m[35mCREATE TABLE `ar_internal_metadata` (`key` varchar(255) NOT NULL PRIMARY KEY, `value` varchar(255), `created_at` datetime NOT NULL, `updated_at` datetime NOT NULL) ENGINE=InnoDB[0m
  [1m[36mActiveRecord::InternalMetadata Load (0.3ms)[0m  [1m[34mSELECT  `ar_internal_metadata`.* FROM `ar_internal_metadata` WHERE `ar_internal_metadata`.`key` = 'environment' LIMIT 1[0m
  [1m[35m (0.2ms)[0m  [1m[35mBEGIN[0m
  [1m[35mSQL (0.2ms)[0m  [1m[32mINSERT INTO `ar_internal_metadata` (`key`, `value`, `created_at`, `updated_at`) VALUES ('environment', 'default_env', '2017-08-04 12:29:39', '2017-08-04 12:29:39')[0m
  [1m[35m (0.1ms)[0m  [1m[35mCOMMIT[0m
  [1m[35m (0.3ms)[0m  [1m[35mSET NAMES utf8 COLLATE utf8_unicode_ci,  @@SESSION.sql_mode = CONCAT(CONCAT(@@sql_mode, ',STRICT_ALL_TABLES'), ',NO_AUTO_VALUE_ON_ZERO'),  @@SESSION.sql_auto_is_null = 0, @@SESSION.wait_timeout = 2147483[0m
  [1m[35m (6.0ms)[0m  [1m[35mDROP TABLE IF EXISTS `rents`[0m
  [1m[35m (35.8ms)[0m  [1m[35mCREATE TABLE `rents` (`id` bigint NOT NULL AUTO_INCREMENT PRIMARY KEY, `book_id` int, `user_id` int, `created_at` datetime NOT NULL, `updated_at` datetime NOT NULL) ENGINE=InnoDB[0m
  [1m[35m (2.9ms)[0m  [1m[35mDROP TABLE IF EXISTS `books`[0m
  [1m[35m (25.2ms)[0m  [1m[35mCREATE TABLE `books` (`id` bigint NOT NULL AUTO_INCREMENT PRIMARY KEY, `user_id` int, `created_at` datetime NOT NULL, `updated_at` datetime NOT NULL) ENGINE=InnoDB[0m
  [1m[35m (1.7ms)[0m  [1m[35mDROP TABLE IF EXISTS `users`[0m
  [1m[35m (35.3ms)[0m  [1m[35mCREATE TABLE `users` (`id` bigint NOT NULL AUTO_INCREMENT PRIMARY KEY, `created_at` datetime NOT NULL, `updated_at` datetime NOT NULL) ENGINE=InnoDB[0m
  [1m[36mActiveRecord::InternalMetadata Load (0.3ms)[0m  [1m[34mSELECT  `ar_internal_metadata`.* FROM `ar_internal_metadata` WHERE `ar_internal_metadata`.`key` = 'environment' LIMIT 1[0m
  [1m[35m (0.1ms)[0m  [1m[35mBEGIN[0m
  [1m[35m (0.1ms)[0m  [1m[35mCOMMIT[0m
  [1m[35m (0.3ms)[0m  [1m[35mSET NAMES utf8 COLLATE utf8_unicode_ci,  @@SESSION.sql_mode = CONCAT(CONCAT(@@sql_mode, ',STRICT_ALL_TABLES'), ',NO_AUTO_VALUE_ON_ZERO'),  @@SESSION.sql_auto_is_null = 0, @@SESSION.wait_timeout = 2147483[0m
  [1m[35m (3.8ms)[0m  [1m[35mDROP TABLE IF EXISTS `rents`[0m
  [1m[35m (35.4ms)[0m  [1m[35mCREATE TABLE `rents` (`id` bigint NOT NULL AUTO_INCREMENT PRIMARY KEY, `book_id` int, `user_id` int, `created_at` datetime NOT NULL, `updated_at` datetime NOT NULL) ENGINE=InnoDB[0m
  [1m[35m (3.0ms)[0m  [1m[35mDROP TABLE IF EXISTS `books`[0m
  [1m[35m (29.0ms)[0m  [1m[35mCREATE TABLE `books` (`id` bigint NOT NULL AUTO_INCREMENT PRIMARY KEY, `user_id` int, `created_at` datetime NOT NULL, `updated_at` datetime NOT NULL) ENGINE=InnoDB[0m
  [1m[35m (2.2ms)[0m  [1m[35mDROP TABLE IF EXISTS `users`[0m
  [1m[35m (29.8ms)[0m  [1m[35mCREATE TABLE `users` (`id` bigint NOT NULL AUTO_INCREMENT PRIMARY KEY, `created_at` datetime NOT NULL, `updated_at` datetime NOT NULL) ENGINE=InnoDB[0m
  [1m[36mActiveRecord::InternalMetadata Load (0.3ms)[0m  [1m[34mSELECT  `ar_internal_metadata`.* FROM `ar_internal_metadata` WHERE `ar_internal_metadata`.`key` = 'environment' LIMIT 1[0m
  [1m[35m (0.1ms)[0m  [1m[35mBEGIN[0m
  [1m[35m (0.1ms)[0m  [1m[35mCOMMIT[0m
  [1m[35m (0.3ms)[0m  [1m[35mSET NAMES utf8 COLLATE utf8_unicode_ci,  @@SESSION.sql_mode = CONCAT(CONCAT(@@sql_mode, ',STRICT_ALL_TABLES'), ',NO_AUTO_VALUE_ON_ZERO'),  @@SESSION.sql_auto_is_null = 0, @@SESSION.wait_timeout = 2147483[0m
  [1m[35m (3.2ms)[0m  [1m[35mDROP TABLE IF EXISTS `rents`[0m
  [1m[35m (30.2ms)[0m  [1m[35mCREATE TABLE `rents` (`id` bigint NOT NULL AUTO_INCREMENT PRIMARY KEY, `book_id` int, `user_id` int, `created_at` datetime NOT NULL, `updated_at` datetime NOT NULL) ENGINE=InnoDB[0m
  [1m[35m (2.9ms)[0m  [1m[35mDROP TABLE IF EXISTS `books`[0m
  [1m[35m (35.3ms)[0m  [1m[35mCREATE TABLE `books` (`id` bigint NOT NULL AUTO_INCREMENT PRIMARY KEY, `user_id` int, `created_at` datetime NOT NULL, `updated_at` datetime NOT NULL) ENGINE=InnoDB[0m
  [1m[35m (1.8ms)[0m  [1m[35mDROP TABLE IF EXISTS `users`[0m
  [1m[35m (32.8ms)[0m  [1m[35mCREATE TABLE `users` (`id` bigint NOT NULL AUTO_INCREMENT PRIMARY KEY, `created_at` datetime NOT NULL, `updated_at` datetime NOT NULL) ENGINE=InnoDB[0m
  [1m[36mActiveRecord::InternalMetadata Load (0.7ms)[0m  [1m[34mSELECT  `ar_internal_metadata`.* FROM `ar_internal_metadata` WHERE `ar_internal_metadata`.`key` = 'environment' LIMIT 1[0m
  [1m[35m (0.4ms)[0m  [1m[35mBEGIN[0m
  [1m[35m (0.3ms)[0m  [1m[35mCOMMIT[0m
  [1m[35m (0.3ms)[0m  [1m[35mSET NAMES utf8 COLLATE utf8_unicode_ci,  @@SESSION.sql_mode = CONCAT(CONCAT(@@sql_mode, ',STRICT_ALL_TABLES'), ',NO_AUTO_VALUE_ON_ZERO'),  @@SESSION.sql_auto_is_null = 0, @@SESSION.wait_timeout = 2147483[0m
  [1m[35m (3.9ms)[0m  [1m[35mDROP TABLE IF EXISTS `rents`[0m
  [1m[35m (34.0ms)[0m  [1m[35mCREATE TABLE `rents` (`id` bigint NOT NULL AUTO_INCREMENT PRIMARY KEY, `book_id` int, `user_id` int, `created_at` datetime NOT NULL, `updated_at` datetime NOT NULL) ENGINE=InnoDB[0m
  [1m[35m (2.7ms)[0m  [1m[35mDROP TABLE IF EXISTS `books`[0m
  [1m[35m (35.5ms)[0m  [1m[35mCREATE TABLE `books` (`id` bigint NOT NULL AUTO_INCREMENT PRIMARY KEY, `user_id` int, `created_at` datetime NOT NULL, `updated_at` datetime NOT NULL) ENGINE=InnoDB[0m
  [1m[35m (1.7ms)[0m  [1m[35mDROP TABLE IF EXISTS `users`[0m
  [1m[35m (35.4ms)[0m  [1m[35mCREATE TABLE `users` (`id` bigint NOT NULL AUTO_INCREMENT PRIMARY KEY, `created_at` datetime NOT NULL, `updated_at` datetime NOT NULL) ENGINE=InnoDB[0m
  [1m[36mActiveRecord::InternalMetadata Load (0.3ms)[0m  [1m[34mSELECT  `ar_internal_metadata`.* FROM `ar_internal_metadata` WHERE `ar_internal_metadata`.`key` = 'environment' LIMIT 1[0m
  [1m[35m (0.1ms)[0m  [1m[35mBEGIN[0m
  [1m[35m (0.1ms)[0m  [1m[35mCOMMIT[0m
  [1m[35m (0.3ms)[0m  [1m[35mSET NAMES utf8 COLLATE utf8_unicode_ci,  @@SESSION.sql_mode = CONCAT(CONCAT(@@sql_mode, ',STRICT_ALL_TABLES'), ',NO_AUTO_VALUE_ON_ZERO'),  @@SESSION.sql_auto_is_null = 0, @@SESSION.wait_timeout = 2147483[0m
  [1m[35m (3.9ms)[0m  [1m[35mDROP TABLE IF EXISTS `rents`[0m
  [1m[35m (33.7ms)[0m  [1m[35mCREATE TABLE `rents` (`id` bigint NOT NULL AUTO_INCREMENT PRIMARY KEY, `book_id` int, `user_id` int, `created_at` datetime NOT NULL, `updated_at` datetime NOT NULL) ENGINE=InnoDB[0m
  [1m[35m (2.8ms)[0m  [1m[35mDROP TABLE IF EXISTS `books`[0m
  [1m[35m (33.5ms)[0m  [1m[35mCREATE TABLE `books` (`id` bigint NOT NULL AUTO_INCREMENT PRIMARY KEY, `user_id` int, `created_at` datetime NOT NULL, `updated_at` datetime NOT NULL) ENGINE=InnoDB[0m
  [1m[35m (2.0ms)[0m  [1m[35mDROP TABLE IF EXISTS `users`[0m
  [1m[35m (32.8ms)[0m  [1m[35mCREATE TABLE `users` (`id` bigint NOT NULL AUTO_INCREMENT PRIMARY KEY, `created_at` datetime NOT NULL, `updated_at` datetime NOT NULL) ENGINE=InnoDB[0m
  [1m[36mActiveRecord::InternalMetadata Load (0.3ms)[0m  [1m[34mSELECT  `ar_internal_metadata`.* FROM `ar_internal_metadata` WHERE `ar_internal_metadata`.`key` = 'environment' LIMIT 1[0m
  [1m[35m (0.2ms)[0m  [1m[35mBEGIN[0m
  [1m[35m (0.1ms)[0m  [1m[35mCOMMIT[0m
  [1m[35m (0.3ms)[0m  [1m[35mSET NAMES utf8 COLLATE utf8_unicode_ci,  @@SESSION.sql_mode = CONCAT(CONCAT(@@sql_mode, ',STRICT_ALL_TABLES'), ',NO_AUTO_VALUE_ON_ZERO'),  @@SESSION.sql_auto_is_null = 0, @@SESSION.wait_timeout = 2147483[0m
  [1m[35m (3.9ms)[0m  [1m[35mDROP TABLE IF EXISTS `rents`[0m
  [1m[35m (32.7ms)[0m  [1m[35mCREATE TABLE `rents` (`id` bigint NOT NULL AUTO_INCREMENT PRIMARY KEY, `book_id` int, `user_id` int, `created_at` datetime NOT NULL, `updated_at` datetime NOT NULL) ENGINE=InnoDB[0m
  [1m[35m (2.9ms)[0m  [1m[35mDROP TABLE IF EXISTS `books`[0m
  [1m[35m (32.9ms)[0m  [1m[35mCREATE TABLE `books` (`id` bigint NOT NULL AUTO_INCREMENT PRIMARY KEY, `user_id` int, `created_at` datetime NOT NULL, `updated_at` datetime NOT NULL) ENGINE=InnoDB[0m
  [1m[35m (1.9ms)[0m  [1m[35mDROP TABLE IF EXISTS `users`[0m
  [1m[35m (32.9ms)[0m  [1m[35mCREATE TABLE `users` (`id` bigint NOT NULL AUTO_INCREMENT PRIMARY KEY, `created_at` datetime NOT NULL, `updated_at` datetime NOT NULL) ENGINE=InnoDB[0m
  [1m[36mActiveRecord::InternalMetadata Load (0.3ms)[0m  [1m[34mSELECT  `ar_internal_metadata`.* FROM `ar_internal_metadata` WHERE `ar_internal_metadata`.`key` = 'environment' LIMIT 1[0m
  [1m[35m (0.2ms)[0m  [1m[35mBEGIN[0m
  [1m[35m (0.2ms)[0m  [1m[35mCOMMIT[0m
  [1m[35m (0.3ms)[0m  [1m[35mSET NAMES utf8 COLLATE utf8_unicode_ci,  @@SESSION.sql_mode = CONCAT(CONCAT(@@sql_mode, ',STRICT_ALL_TABLES'), ',NO_AUTO_VALUE_ON_ZERO'),  @@SESSION.sql_auto_is_null = 0, @@SESSION.wait_timeout = 2147483[0m
  [1m[35m (3.8ms)[0m  [1m[35mDROP TABLE IF EXISTS `rents`[0m
  [1m[35m (34.2ms)[0m  [1m[35mCREATE TABLE `rents` (`id` bigint NOT NULL AUTO_INCREMENT PRIMARY KEY, `book_id` int, `user_id` int, `created_at` datetime NOT NULL, `updated_at` datetime NOT NULL) ENGINE=InnoDB[0m
  [1m[35m (2.8ms)[0m  [1m[35mDROP TABLE IF EXISTS `books`[0m
  [1m[35m (25.6ms)[0m  [1m[35mCREATE TABLE `books` (`id` bigint NOT NULL AUTO_INCREMENT PRIMARY KEY, `user_id` int, `created_at` datetime NOT NULL, `updated_at` datetime NOT NULL) ENGINE=InnoDB[0m
  [1m[35m (1.8ms)[0m  [1m[35mDROP TABLE IF EXISTS `users`[0m
  [1m[35m (30.3ms)[0m  [1m[35mCREATE TABLE `users` (`id` bigint NOT NULL AUTO_INCREMENT PRIMARY KEY, `created_at` datetime NOT NULL, `updated_at` datetime NOT NULL) ENGINE=InnoDB[0m
  [1m[36mActiveRecord::InternalMetadata Load (0.3ms)[0m  [1m[34mSELECT  `ar_internal_metadata`.* FROM `ar_internal_metadata` WHERE `ar_internal_metadata`.`key` = 'environment' LIMIT 1[0m
  [1m[35m (0.1ms)[0m  [1m[35mBEGIN[0m
  [1m[35m (0.1ms)[0m  [1m[35mCOMMIT[0m
  [1m[35m (0.2ms)[0m  [1m[35mSET NAMES utf8 COLLATE utf8_unicode_ci,  @@SESSION.sql_mode = CONCAT(CONCAT(@@sql_mode, ',STRICT_ALL_TABLES'), ',NO_AUTO_VALUE_ON_ZERO'),  @@SESSION.sql_auto_is_null = 0, @@SESSION.wait_timeout = 2147483[0m
  [1m[35m (4.1ms)[0m  [1m[35mDROP TABLE IF EXISTS `rents`[0m
  [1m[35m (32.4ms)[0m  [1m[35mCREATE TABLE `rents` (`id` bigint NOT NULL AUTO_INCREMENT PRIMARY KEY, `book_id` int, `user_id` int, `created_at` datetime NOT NULL, `updated_at` datetime NOT NULL) ENGINE=InnoDB[0m
  [1m[35m (2.8ms)[0m  [1m[35mDROP TABLE IF EXISTS `books`[0m
  [1m[35m (32.7ms)[0m  [1m[35mCREATE TABLE `books` (`id` bigint NOT NULL AUTO_INCREMENT PRIMARY KEY, `user_id` int, `created_at` datetime NOT NULL, `updated_at` datetime NOT NULL) ENGINE=InnoDB[0m
  [1m[35m (1.9ms)[0m  [1m[35mDROP TABLE IF EXISTS `users`[0m
  [1m[35m (31.2ms)[0m  [1m[35mCREATE TABLE `users` (`id` bigint NOT NULL AUTO_INCREMENT PRIMARY KEY, `created_at` datetime NOT NULL, `updated_at` datetime NOT NULL) ENGINE=InnoDB[0m
  [1m[36mActiveRecord::InternalMetadata Load (0.3ms)[0m  [1m[34mSELECT  `ar_internal_metadata`.* FROM `ar_internal_metadata` WHERE `ar_internal_metadata`.`key` = 'environment' LIMIT 1[0m
  [1m[35m (0.1ms)[0m  [1m[35mBEGIN[0m
  [1m[35m (0.1ms)[0m  [1m[35mCOMMIT[0m
  [1m[35m (0.3ms)[0m  [1m[35mSET NAMES utf8 COLLATE utf8_unicode_ci,  @@SESSION.sql_mode = CONCAT(CONCAT(@@sql_mode, ',STRICT_ALL_TABLES'), ',NO_AUTO_VALUE_ON_ZERO'),  @@SESSION.sql_auto_is_null = 0, @@SESSION.wait_timeout = 2147483[0m
  [1m[35m (4.7ms)[0m  [1m[35mDROP TABLE IF EXISTS `rents`[0m
  [1m[35m (37.0ms)[0m  [1m[35mCREATE TABLE `rents` (`id` bigint NOT NULL AUTO_INCREMENT PRIMARY KEY, `book_id` int, `user_id` int, `created_at` datetime NOT NULL, `updated_at` datetime NOT NULL) ENGINE=InnoDB[0m
  [1m[35m (2.6ms)[0m  [1m[35mDROP TABLE IF EXISTS `books`[0m
  [1m[35m (25.0ms)[0m  [1m[35mCREATE TABLE `books` (`id` bigint NOT NULL AUTO_INCREMENT PRIMARY KEY, `user_id` int, `created_at` datetime NOT NULL, `updated_at` datetime NOT NULL) ENGINE=InnoDB[0m
  [1m[35m (1.9ms)[0m  [1m[35mDROP TABLE IF EXISTS `users`[0m
  [1m[35m (37.6ms)[0m  [1m[35mCREATE TABLE `users` (`id` bigint NOT NULL AUTO_INCREMENT PRIMARY KEY, `created_at` datetime NOT NULL, `updated_at` datetime NOT NULL) ENGINE=InnoDB[0m
  [1m[36mActiveRecord::InternalMetadata Load (0.3ms)[0m  [1m[34mSELECT  `ar_internal_metadata`.* FROM `ar_internal_metadata` WHERE `ar_internal_metadata`.`key` = 'environment' LIMIT 1[0m
  [1m[35m (0.1ms)[0m  [1m[35mBEGIN[0m
  [1m[35m (0.1ms)[0m  [1m[35mCOMMIT[0m
  [1m[35m (0.3ms)[0m  [1m[35mSET NAMES utf8 COLLATE utf8_unicode_ci,  @@SESSION.sql_mode = CONCAT(CONCAT(@@sql_mode, ',STRICT_ALL_TABLES'), ',NO_AUTO_VALUE_ON_ZERO'),  @@SESSION.sql_auto_is_null = 0, @@SESSION.wait_timeout = 2147483[0m
  [1m[35m (3.9ms)[0m  [1m[35mDROP TABLE IF EXISTS `rents`[0m
  [1m[35m (35.8ms)[0m  [1m[35mCREATE TABLE `rents` (`id` bigint NOT NULL AUTO_INCREMENT PRIMARY KEY, `book_id` int, `user_id` int, `created_at` datetime NOT NULL, `updated_at` datetime NOT NULL) ENGINE=InnoDB[0m
  [1m[35m (2.8ms)[0m  [1m[35mDROP TABLE IF EXISTS `books`[0m
  [1m[35m (27.5ms)[0m  [1m[35mCREATE TABLE `books` (`id` bigint NOT NULL AUTO_INCREMENT PRIMARY KEY, `user_id` int, `created_at` datetime NOT NULL, `updated_at` datetime NOT NULL) ENGINE=InnoDB[0m
  [1m[35m (1.9ms)[0m  [1m[35mDROP TABLE IF EXISTS `users`[0m
  [1m[35m (33.3ms)[0m  [1m[35mCREATE TABLE `users` (`id` bigint NOT NULL AUTO_INCREMENT PRIMARY KEY, `created_at` datetime NOT NULL, `updated_at` datetime NOT NULL) ENGINE=InnoDB[0m
  [1m[36mActiveRecord::InternalMetadata Load (0.3ms)[0m  [1m[34mSELECT  `ar_internal_metadata`.* FROM `ar_internal_metadata` WHERE `ar_internal_metadata`.`key` = 'environment' LIMIT 1[0m
  [1m[35m (0.1ms)[0m  [1m[35mBEGIN[0m
  [1m[35m (0.1ms)[0m  [1m[35mCOMMIT[0m
  [1m[35m (0.2ms)[0m  [1m[35mSET NAMES utf8 COLLATE utf8_unicode_ci,  @@SESSION.sql_mode = CONCAT(CONCAT(@@sql_mode, ',STRICT_ALL_TABLES'), ',NO_AUTO_VALUE_ON_ZERO'),  @@SESSION.sql_auto_is_null = 0, @@SESSION.wait_timeout = 2147483[0m
  [1m[35m (4.4ms)[0m  [1m[35mDROP TABLE IF EXISTS `rents`[0m
  [1m[35m (32.6ms)[0m  [1m[35mCREATE TABLE `rents` (`id` bigint NOT NULL AUTO_INCREMENT PRIMARY KEY, `book_id` int, `user_id` int, `created_at` datetime NOT NULL, `updated_at` datetime NOT NULL) ENGINE=InnoDB[0m
  [1m[35m (3.9ms)[0m  [1m[35mDROP TABLE IF EXISTS `books`[0m
  [1m[35m (29.0ms)[0m  [1m[35mCREATE TABLE `books` (`id` bigint NOT NULL AUTO_INCREMENT PRIMARY KEY, `user_id` int, `created_at` datetime NOT NULL, `updated_at` datetime NOT NULL) ENGINE=InnoDB[0m
  [1m[35m (2.5ms)[0m  [1m[35mDROP TABLE IF EXISTS `users`[0m
  [1m[35m (25.3ms)[0m  [1m[35mCREATE TABLE `users` (`id` bigint NOT NULL AUTO_INCREMENT PRIMARY KEY, `created_at` datetime NOT NULL, `updated_at` datetime NOT NULL) ENGINE=InnoDB[0m
  [1m[36mActiveRecord::InternalMetadata Load (0.3ms)[0m  [1m[34mSELECT  `ar_internal_metadata`.* FROM `ar_internal_metadata` WHERE `ar_internal_metadata`.`key` = 'environment' LIMIT 1[0m
  [1m[35m (0.1ms)[0m  [1m[35mBEGIN[0m
  [1m[35m (0.1ms)[0m  [1m[35mCOMMIT[0m
  [1m[35m (0.2ms)[0m  [1m[35mBEGIN[0m
  [1m[35mSQL (0.2ms)[0m  [1m[32mINSERT INTO `users` (`created_at`, `updated_at`) VALUES ('2017-08-04 12:54:49', '2017-08-04 12:54:49')[0m
  [1m[35m (0.2ms)[0m  [1m[35mCOMMIT[0m
  [1m[35m (0.2ms)[0m  [1m[35mBEGIN[0m
  [1m[35mSQL (0.3ms)[0m  [1m[32mINSERT INTO `books` (`user_id`, `created_at`, `updated_at`) VALUES (1, '2017-08-04 12:54:49', '2017-08-04 12:54:49')[0m
  [1m[35m (0.1ms)[0m  [1m[35mCOMMIT[0m
  [1m[36mUser Load (0.3ms)[0m  [1m[34mSELECT `users`.* FROM `users`[0m
  [1m[35m (0.1ms)[0m  [1m[35mBEGIN[0m
  [1m[35mSQL (0.6ms)[0m  [1m[31mDELETE FROM `users` WHERE `users`.`id` = 1[0m
  [1m[35m (0.1ms)[0m  [1m[35mCOMMIT[0m
  [1m[36mBook Load (0.2ms)[0m  [1m[34mSELECT `books`.* FROM `books`[0m
  [1m[35m (0.1ms)[0m  [1m[35mBEGIN[0m
  [1m[35mSQL (0.2ms)[0m  [1m[31mDELETE FROM `books` WHERE `books`.`id` = 1[0m
  [1m[35m (0.1ms)[0m  [1m[35mCOMMIT[0m
  [1m[35m (0.5ms)[0m  [1m[35mBEGIN[0m
  [1m[35mSQL (0.5ms)[0m  [1m[32mINSERT INTO `users` (`created_at`, `updated_at`) VALUES ('2017-08-04 12:54:49', '2017-08-04 12:54:49')[0m
  [1m[35m (0.3ms)[0m  [1m[35mCOMMIT[0m
  [1m[35m (0.2ms)[0m  [1m[35mBEGIN[0m
  [1m[35mSQL (0.5ms)[0m  [1m[32mINSERT INTO `books` (`user_id`, `created_at`, `updated_at`) VALUES (2, '2017-08-04 12:54:49', '2017-08-04 12:54:49')[0m
  [1m[35m (0.3ms)[0m  [1m[35mCOMMIT[0m
  [1m[36mUser Load (0.3ms)[0m  [1m[34mSELECT `users`.* FROM `users`[0m
  [1m[35m (0.1ms)[0m  [1m[35mBEGIN[0m
  [1m[35mSQL (0.2ms)[0m  [1m[31mDELETE FROM `users` WHERE `users`.`id` = 2[0m
  [1m[35m (0.3ms)[0m  [1m[35mCOMMIT[0m
  [1m[36mBook Load (0.3ms)[0m  [1m[34mSELECT `books`.* FROM `books`[0m
  [1m[35m (0.1ms)[0m  [1m[35mBEGIN[0m
  [1m[35mSQL (0.2ms)[0m  [1m[31mDELETE FROM `books` WHERE `books`.`id` = 2[0m
  [1m[35m (0.1ms)[0m  [1m[35mCOMMIT[0m
  [1m[35m (0.3ms)[0m  [1m[35mSET NAMES utf8 COLLATE utf8_unicode_ci,  @@SESSION.sql_mode = CONCAT(CONCAT(@@sql_mode, ',STRICT_ALL_TABLES'), ',NO_AUTO_VALUE_ON_ZERO'),  @@SESSION.sql_auto_is_null = 0, @@SESSION.wait_timeout = 2147483[0m
  [1m[35m (4.0ms)[0m  [1m[35mDROP TABLE IF EXISTS `rents`[0m
  [1m[35m (32.3ms)[0m  [1m[35mCREATE TABLE `rents` (`id` bigint NOT NULL AUTO_INCREMENT PRIMARY KEY, `book_id` int, `user_id` int, `created_at` datetime NOT NULL, `updated_at` datetime NOT NULL) ENGINE=InnoDB[0m
  [1m[35m (2.8ms)[0m  [1m[35mDROP TABLE IF EXISTS `books`[0m
  [1m[35m (27.9ms)[0m  [1m[35mCREATE TABLE `books` (`id` bigint NOT NULL AUTO_INCREMENT PRIMARY KEY, `user_id` int, `created_at` datetime NOT NULL, `updated_at` datetime NOT NULL) ENGINE=InnoDB[0m
  [1m[35m (1.9ms)[0m  [1m[35mDROP TABLE IF EXISTS `users`[0m
  [1m[35m (25.9ms)[0m  [1m[35mCREATE TABLE `users` (`id` bigint NOT NULL AUTO_INCREMENT PRIMARY KEY, `created_at` datetime NOT NULL, `updated_at` datetime NOT NULL) ENGINE=InnoDB[0m
  [1m[36mActiveRecord::InternalMetadata Load (0.3ms)[0m  [1m[34mSELECT  `ar_internal_metadata`.* FROM `ar_internal_metadata` WHERE `ar_internal_metadata`.`key` = 'environment' LIMIT 1[0m
  [1m[35m (0.2ms)[0m  [1m[35mBEGIN[0m
  [1m[35m (0.2ms)[0m  [1m[35mCOMMIT[0m
  [1m[35m (0.2ms)[0m  [1m[35mBEGIN[0m
  [1m[35mSQL (0.2ms)[0m  [1m[32mINSERT INTO `users` (`created_at`, `updated_at`) VALUES ('2017-08-04 12:55:22', '2017-08-04 12:55:22')[0m
  [1m[35m (0.1ms)[0m  [1m[35mCOMMIT[0m
  [1m[35m (0.4ms)[0m  [1m[35mBEGIN[0m
  [1m[35mSQL (0.2ms)[0m  [1m[32mINSERT INTO `books` (`user_id`, `created_at`, `updated_at`) VALUES (1, '2017-08-04 12:55:22', '2017-08-04 12:55:22')[0m
  [1m[35m (0.1ms)[0m  [1m[35mCOMMIT[0m
  [1m[35m (0.2ms)[0m  [1m[35mBEGIN[0m
  [1m[35mSQL (0.3ms)[0m  [1m[32mINSERT INTO `rents` (`book_id`, `user_id`, `created_at`, `updated_at`) VALUES (1, 1, '2017-08-04 12:55:22', '2017-08-04 12:55:22')[0m
  [1m[35m (0.2ms)[0m  [1m[35mCOMMIT[0m
  [1m[35m (0.1ms)[0m  [1m[35mBEGIN[0m
  [1m[35mSQL (0.2ms)[0m  [1m[32mINSERT INTO `users` (`created_at`, `updated_at`) VALUES ('2017-08-04 12:55:22', '2017-08-04 12:55:22')[0m
  [1m[35m (0.1ms)[0m  [1m[35mCOMMIT[0m
  [1m[36mUser Load (0.2ms)[0m  [1m[34mSELECT `users`.* FROM `users`[0m
  [1m[35m (0.1ms)[0m  [1m[35mBEGIN[0m
  [1m[35mSQL (0.2ms)[0m  [1m[31mDELETE FROM `users` WHERE `users`.`id` = 1[0m
  [1m[35m (0.1ms)[0m  [1m[35mCOMMIT[0m
  [1m[35m (0.1ms)[0m  [1m[35mBEGIN[0m
  [1m[35mSQL (0.3ms)[0m  [1m[31mDELETE FROM `users` WHERE `users`.`id` = 2[0m
  [1m[35m (0.1ms)[0m  [1m[35mCOMMIT[0m
  [1m[36mBook Load (0.2ms)[0m  [1m[34mSELECT `books`.* FROM `books`[0m
  [1m[35m (0.1ms)[0m  [1m[35mBEGIN[0m
  [1m[35mSQL (0.3ms)[0m  [1m[31mDELETE FROM `books` WHERE `books`.`id` = 1[0m
  [1m[35m (0.1ms)[0m  [1m[35mCOMMIT[0m
  [1m[36mRent Load (0.2ms)[0m  [1m[34mSELECT `rents`.* FROM `rents`[0m
  [1m[35m (0.1ms)[0m  [1m[35mBEGIN[0m
  [1m[35mSQL (0.2ms)[0m  [1m[31mDELETE FROM `rents` WHERE `rents`.`id` = 1[0m
  [1m[35m (0.1ms)[0m  [1m[35mCOMMIT[0m
  [1m[35m (0.1ms)[0m  [1m[35mBEGIN[0m
  [1m[35mSQL (0.2ms)[0m  [1m[32mINSERT INTO `users` (`created_at`, `updated_at`) VALUES ('2017-08-04 12:55:23', '2017-08-04 12:55:23')[0m
  [1m[35m (0.1ms)[0m  [1m[35mCOMMIT[0m
  [1m[35m (0.1ms)[0m  [1m[35mBEGIN[0m
  [1m[35mSQL (0.2ms)[0m  [1m[32mINSERT INTO `books` (`user_id`, `created_at`, `updated_at`) VALUES (3, '2017-08-04 12:55:23', '2017-08-04 12:55:23')[0m
  [1m[35m (0.1ms)[0m  [1m[35mCOMMIT[0m
  [1m[35m (0.1ms)[0m  [1m[35mBEGIN[0m
  [1m[35mSQL (0.2ms)[0m  [1m[32mINSERT INTO `rents` (`book_id`, `user_id`, `created_at`, `updated_at`) VALUES (2, 3, '2017-08-04 12:55:23', '2017-08-04 12:55:23')[0m
  [1m[35m (0.1ms)[0m  [1m[35mCOMMIT[0m
  [1m[35m (0.1ms)[0m  [1m[35mBEGIN[0m
  [1m[35mSQL (0.2ms)[0m  [1m[32mINSERT INTO `users` (`created_at`, `updated_at`) VALUES ('2017-08-04 12:55:23', '2017-08-04 12:55:23')[0m
  [1m[35m (0.1ms)[0m  [1m[35mCOMMIT[0m
  [1m[35m (0.9ms)[0m  [1m[34mSELECT COUNT(*) FROM `users`[0m
  [1m[36mUser Load (0.6ms)[0m  [1m[34mSELECT `users`.* FROM `users`[0m
  [1m[35m (0.2ms)[0m  [1m[35mBEGIN[0m
  [1m[35mSQL (0.3ms)[0m  [1m[31mDELETE FROM `users` WHERE `users`.`id` = 3[0m
  [1m[35m (0.2ms)[0m  [1m[35mCOMMIT[0m
  [1m[35m (0.1ms)[0m  [1m[35mBEGIN[0m
  [1m[35mSQL (0.3ms)[0m  [1m[31mDELETE FROM `users` WHERE `users`.`id` = 4[0m
  [1m[35m (0.2ms)[0m  [1m[35mCOMMIT[0m
  [1m[36mBook Load (0.3ms)[0m  [1m[34mSELECT `books`.* FROM `books`[0m
  [1m[35m (0.1ms)[0m  [1m[35mBEGIN[0m
  [1m[35mSQL (0.3ms)[0m  [1m[31mDELETE FROM `books` WHERE `books`.`id` = 2[0m
  [1m[35m (0.2ms)[0m  [1m[35mCOMMIT[0m
  [1m[36mRent Load (0.2ms)[0m  [1m[34mSELECT `rents`.* FROM `rents`[0m
  [1m[35m (0.1ms)[0m  [1m[35mBEGIN[0m
  [1m[35mSQL (0.2ms)[0m  [1m[31mDELETE FROM `rents` WHERE `rents`.`id` = 2[0m
  [1m[35m (0.1ms)[0m  [1m[35mCOMMIT[0m
  [1m[35m (0.3ms)[0m  [1m[35mSET NAMES utf8 COLLATE utf8_unicode_ci,  @@SESSION.sql_mode = CONCAT(CONCAT(@@sql_mode, ',STRICT_ALL_TABLES'), ',NO_AUTO_VALUE_ON_ZERO'),  @@SESSION.sql_auto_is_null = 0, @@SESSION.wait_timeout = 2147483[0m
  [1m[35m (3.7ms)[0m  [1m[35mDROP TABLE IF EXISTS `rents`[0m
  [1m[35m (33.2ms)[0m  [1m[35mCREATE TABLE `rents` (`id` bigint NOT NULL AUTO_INCREMENT PRIMARY KEY, `book_id` int, `user_id` int, `created_at` datetime NOT NULL, `updated_at` datetime NOT NULL) ENGINE=InnoDB[0m
  [1m[35m (3.1ms)[0m  [1m[35mDROP TABLE IF EXISTS `books`[0m
  [1m[35m (25.8ms)[0m  [1m[35mCREATE TABLE `books` (`id` bigint NOT NULL AUTO_INCREMENT PRIMARY KEY, `user_id` int, `created_at` datetime NOT NULL, `updated_at` datetime NOT NULL) ENGINE=InnoDB[0m
  [1m[35m (2.0ms)[0m  [1m[35mDROP TABLE IF EXISTS `users`[0m
  [1m[35m (28.4ms)[0m  [1m[35mCREATE TABLE `users` (`id` bigint NOT NULL AUTO_INCREMENT PRIMARY KEY, `created_at` datetime NOT NULL, `updated_at` datetime NOT NULL) ENGINE=InnoDB[0m
  [1m[36mActiveRecord::InternalMetadata Load (0.3ms)[0m  [1m[34mSELECT  `ar_internal_metadata`.* FROM `ar_internal_metadata` WHERE `ar_internal_metadata`.`key` = 'environment' LIMIT 1[0m
  [1m[35m (0.2ms)[0m  [1m[35mBEGIN[0m
  [1m[35m (0.1ms)[0m  [1m[35mCOMMIT[0m
  [1m[35m (0.2ms)[0m  [1m[35mBEGIN[0m
  [1m[35mSQL (0.2ms)[0m  [1m[32mINSERT INTO `users` (`created_at`, `updated_at`) VALUES ('2017-08-04 12:55:57', '2017-08-04 12:55:57')[0m
  [1m[35m (0.1ms)[0m  [1m[35mCOMMIT[0m
  [1m[35m (0.2ms)[0m  [1m[35mBEGIN[0m
  [1m[35mSQL (0.3ms)[0m  [1m[32mINSERT INTO `books` (`user_id`, `created_at`, `updated_at`) VALUES (1, '2017-08-04 12:55:57', '2017-08-04 12:55:57')[0m
  [1m[35m (0.1ms)[0m  [1m[35mCOMMIT[0m
  [1m[35m (0.4ms)[0m  [1m[35mBEGIN[0m
  [1m[35mSQL (0.3ms)[0m  [1m[32mINSERT INTO `rents` (`book_id`, `user_id`, `created_at`, `updated_at`) VALUES (1, 1, '2017-08-04 12:55:57', '2017-08-04 12:55:57')[0m
  [1m[35m (0.1ms)[0m  [1m[35mCOMMIT[0m
  [1m[35m (0.1ms)[0m  [1m[35mBEGIN[0m
  [1m[35mSQL (0.2ms)[0m  [1m[32mINSERT INTO `users` (`created_at`, `updated_at`) VALUES ('2017-08-04 12:55:57', '2017-08-04 12:55:57')[0m
  [1m[35m (0.1ms)[0m  [1m[35mCOMMIT[0m
  [1m[36mUser Load (0.4ms)[0m  [1m[34mSELECT `users`.* FROM `users`[0m
  [1m[35m (0.1ms)[0m  [1m[35mBEGIN[0m
  [1m[35mSQL (0.3ms)[0m  [1m[31mDELETE FROM `users` WHERE `users`.`id` = 1[0m
  [1m[35m (0.1ms)[0m  [1m[35mCOMMIT[0m
  [1m[35m (0.1ms)[0m  [1m[35mBEGIN[0m
  [1m[35mSQL (0.3ms)[0m  [1m[31mDELETE FROM `users` WHERE `users`.`id` = 2[0m
  [1m[35m (0.1ms)[0m  [1m[35mCOMMIT[0m
  [1m[36mBook Load (0.2ms)[0m  [1m[34mSELECT `books`.* FROM `books`[0m
  [1m[35m (0.1ms)[0m  [1m[35mBEGIN[0m
  [1m[35mSQL (0.2ms)[0m  [1m[31mDELETE FROM `books` WHERE `books`.`id` = 1[0m
  [1m[35m (0.1ms)[0m  [1m[35mCOMMIT[0m
  [1m[36mRent Load (0.2ms)[0m  [1m[34mSELECT `rents`.* FROM `rents`[0m
  [1m[35m (0.1ms)[0m  [1m[35mBEGIN[0m
  [1m[35mSQL (0.2ms)[0m  [1m[31mDELETE FROM `rents` WHERE `rents`.`id` = 1[0m
  [1m[35m (0.1ms)[0m  [1m[35mCOMMIT[0m
  [1m[36mUser Load (0.2ms)[0m  [1m[34mSELECT `users`.* FROM `users`[0m
  [1m[36mBook Load (0.1ms)[0m  [1m[34mSELECT `books`.* FROM `books`[0m
  [1m[36mRent Load (0.1ms)[0m  [1m[34mSELECT `rents`.* FROM `rents`[0m
  [1m[35m (0.1ms)[0m  [1m[35mBEGIN[0m
  [1m[35mSQL (0.2ms)[0m  [1m[32mINSERT INTO `users` (`created_at`, `updated_at`) VALUES ('2017-08-04 12:55:57', '2017-08-04 12:55:57')[0m
  [1m[35m (0.1ms)[0m  [1m[35mCOMMIT[0m
  [1m[35m (0.1ms)[0m  [1m[35mBEGIN[0m
  [1m[35mSQL (0.2ms)[0m  [1m[32mINSERT INTO `books` (`user_id`, `created_at`, `updated_at`) VALUES (3, '2017-08-04 12:55:57', '2017-08-04 12:55:57')[0m
  [1m[35m (0.1ms)[0m  [1m[35mCOMMIT[0m
  [1m[35m (0.1ms)[0m  [1m[35mBEGIN[0m
  [1m[35mSQL (0.2ms)[0m  [1m[32mINSERT INTO `rents` (`book_id`, `user_id`, `created_at`, `updated_at`) VALUES (2, 3, '2017-08-04 12:55:57', '2017-08-04 12:55:57')[0m
  [1m[35m (0.1ms)[0m  [1m[35mCOMMIT[0m
  [1m[35m (0.1ms)[0m  [1m[35mBEGIN[0m
  [1m[35mSQL (0.2ms)[0m  [1m[32mINSERT INTO `users` (`created_at`, `updated_at`) VALUES ('2017-08-04 12:55:57', '2017-08-04 12:55:57')[0m
  [1m[35m (0.1ms)[0m  [1m[35mCOMMIT[0m
  [1m[36mUser Load (0.6ms)[0m  [1m[34mSELECT `users`.* FROM `users`[0m
  [1m[35m (0.1ms)[0m  [1m[35mBEGIN[0m
  [1m[35mSQL (0.2ms)[0m  [1m[31mDELETE FROM `users` WHERE `users`.`id` = 3[0m
  [1m[35m (0.1ms)[0m  [1m[35mCOMMIT[0m
  [1m[35m (0.1ms)[0m  [1m[35mBEGIN[0m
  [1m[35mSQL (0.2ms)[0m  [1m[31mDELETE FROM `users` WHERE `users`.`id` = 4[0m
  [1m[35m (0.1ms)[0m  [1m[35mCOMMIT[0m
  [1m[36mBook Load (0.2ms)[0m  [1m[34mSELECT `books`.* FROM `books`[0m
  [1m[35m (0.1ms)[0m  [1m[35mBEGIN[0m
  [1m[35mSQL (0.2ms)[0m  [1m[31mDELETE FROM `books` WHERE `books`.`id` = 2[0m
  [1m[35m (0.1ms)[0m  [1m[35mCOMMIT[0m
  [1m[36mRent Load (0.2ms)[0m  [1m[34mSELECT `rents`.* FROM `rents`[0m
  [1m[35m (0.1ms)[0m  [1m[35mBEGIN[0m
  [1m[35mSQL (0.2ms)[0m  [1m[31mDELETE FROM `rents` WHERE `rents`.`id` = 2[0m
  [1m[35m (0.1ms)[0m  [1m[35mCOMMIT[0m
  [1m[35m (0.2ms)[0m  [1m[34mSELECT COUNT(*) FROM `users`[0m
  [1m[35m (0.2ms)[0m  [1m[34mSELECT COUNT(*) FROM `books`[0m
  [1m[35m (0.2ms)[0m  [1m[34mSELECT COUNT(*) FROM `rents`[0m
  [1m[35m (0.4ms)[0m  [1m[34mSELECT COUNT(*) FROM `users`[0m
  [1m[36mUser Load (0.2ms)[0m  [1m[34mSELECT `users`.* FROM `users`[0m
  [1m[36mBook Load (0.2ms)[0m  [1m[34mSELECT `books`.* FROM `books`[0m
  [1m[36mRent Load (0.2ms)[0m  [1m[34mSELECT `rents`.* FROM `rents`[0m
  [1m[35m (0.3ms)[0m  [1m[35mSET NAMES utf8 COLLATE utf8_unicode_ci,  @@SESSION.sql_mode = CONCAT(CONCAT(@@sql_mode, ',STRICT_ALL_TABLES'), ',NO_AUTO_VALUE_ON_ZERO'),  @@SESSION.sql_auto_is_null = 0, @@SESSION.wait_timeout = 2147483[0m
  [1m[35m (3.9ms)[0m  [1m[35mDROP TABLE IF EXISTS `rents`[0m
  [1m[35m (37.5ms)[0m  [1m[35mCREATE TABLE `rents` (`id` bigint NOT NULL AUTO_INCREMENT PRIMARY KEY, `book_id` int, `user_id` int, `created_at` datetime NOT NULL, `updated_at` datetime NOT NULL) ENGINE=InnoDB[0m
  [1m[35m (2.8ms)[0m  [1m[35mDROP TABLE IF EXISTS `books`[0m
  [1m[35m (36.2ms)[0m  [1m[35mCREATE TABLE `books` (`id` bigint NOT NULL AUTO_INCREMENT PRIMARY KEY, `user_id` int, `created_at` datetime NOT NULL, `updated_at` datetime NOT NULL) ENGINE=InnoDB[0m
  [1m[35m (1.7ms)[0m  [1m[35mDROP TABLE IF EXISTS `users`[0m
  [1m[35m (28.7ms)[0m  [1m[35mCREATE TABLE `users` (`id` bigint NOT NULL AUTO_INCREMENT PRIMARY KEY, `created_at` datetime NOT NULL, `updated_at` datetime NOT NULL) ENGINE=InnoDB[0m
  [1m[36mActiveRecord::InternalMetadata Load (0.3ms)[0m  [1m[34mSELECT  `ar_internal_metadata`.* FROM `ar_internal_metadata` WHERE `ar_internal_metadata`.`key` = 'environment' LIMIT 1[0m
  [1m[35m (0.1ms)[0m  [1m[35mBEGIN[0m
  [1m[35m (0.1ms)[0m  [1m[35mCOMMIT[0m
  [1m[35m (0.1ms)[0m  [1m[35mBEGIN[0m
  [1m[35mSQL (0.3ms)[0m  [1m[32mINSERT INTO `users` (`created_at`, `updated_at`) VALUES ('2017-08-04 12:56:38', '2017-08-04 12:56:38')[0m
  [1m[35m (0.1ms)[0m  [1m[35mCOMMIT[0m
  [1m[35m (0.2ms)[0m  [1m[35mBEGIN[0m
  [1m[35mSQL (0.2ms)[0m  [1m[32mINSERT INTO `books` (`user_id`, `created_at`, `updated_at`) VALUES (1, '2017-08-04 12:56:38', '2017-08-04 12:56:38')[0m
  [1m[35m (0.1ms)[0m  [1m[35mCOMMIT[0m
  [1m[35m (0.2ms)[0m  [1m[35mBEGIN[0m
  [1m[35mSQL (0.5ms)[0m  [1m[32mINSERT INTO `rents` (`book_id`, `user_id`, `created_at`, `updated_at`) VALUES (1, 1, '2017-08-04 12:56:38', '2017-08-04 12:56:38')[0m
  [1m[35m (0.3ms)[0m  [1m[35mCOMMIT[0m
  [1m[35m (0.3ms)[0m  [1m[35mBEGIN[0m
  [1m[35mSQL (0.7ms)[0m  [1m[32mINSERT INTO `users` (`created_at`, `updated_at`) VALUES ('2017-08-04 12:56:38', '2017-08-04 12:56:38')[0m
  [1m[35m (0.3ms)[0m  [1m[35mCOMMIT[0m
  [1m[36mUser Load (0.4ms)[0m  [1m[34mSELECT `users`.* FROM `users`[0m
  [1m[35m (0.1ms)[0m  [1m[35mBEGIN[0m
  [1m[35mSQL (0.2ms)[0m  [1m[31mDELETE FROM `users` WHERE `users`.`id` = 1[0m
  [1m[35m (0.1ms)[0m  [1m[35mCOMMIT[0m
  [1m[35m (0.1ms)[0m  [1m[35mBEGIN[0m
  [1m[35mSQL (0.2ms)[0m  [1m[31mDELETE FROM `users` WHERE `users`.`id` = 2[0m
  [1m[35m (0.1ms)[0m  [1m[35mCOMMIT[0m
  [1m[36mBook Load (0.2ms)[0m  [1m[34mSELECT `books`.* FROM `books`[0m
  [1m[35m (0.1ms)[0m  [1m[35mBEGIN[0m
  [1m[35mSQL (0.2ms)[0m  [1m[31mDELETE FROM `books` WHERE `books`.`id` = 1[0m
  [1m[35m (0.1ms)[0m  [1m[35mCOMMIT[0m
  [1m[36mRent Load (0.2ms)[0m  [1m[34mSELECT `rents`.* FROM `rents`[0m
  [1m[35m (0.1ms)[0m  [1m[35mBEGIN[0m
  [1m[35mSQL (0.2ms)[0m  [1m[31mDELETE FROM `rents` WHERE `rents`.`id` = 1[0m
  [1m[35m (0.1ms)[0m  [1m[35mCOMMIT[0m
  [1m[35m (0.1ms)[0m  [1m[35mBEGIN[0m
  [1m[35mSQL (0.2ms)[0m  [1m[32mINSERT INTO `users` (`created_at`, `updated_at`) VALUES ('2017-08-04 12:56:38', '2017-08-04 12:56:38')[0m
  [1m[35m (0.1ms)[0m  [1m[35mCOMMIT[0m
  [1m[35m (0.1ms)[0m  [1m[35mBEGIN[0m
  [1m[35mSQL (0.2ms)[0m  [1m[32mINSERT INTO `books` (`user_id`, `created_at`, `updated_at`) VALUES (3, '2017-08-04 12:56:38', '2017-08-04 12:56:38')[0m
  [1m[35m (0.1ms)[0m  [1m[35mCOMMIT[0m
  [1m[35m (0.1ms)[0m  [1m[35mBEGIN[0m
  [1m[35mSQL (0.2ms)[0m  [1m[32mINSERT INTO `rents` (`book_id`, `user_id`, `created_at`, `updated_at`) VALUES (2, 3, '2017-08-04 12:56:38', '2017-08-04 12:56:38')[0m
  [1m[35m (0.1ms)[0m  [1m[35mCOMMIT[0m
  [1m[35m (0.1ms)[0m  [1m[35mBEGIN[0m
  [1m[35mSQL (0.2ms)[0m  [1m[32mINSERT INTO `users` (`created_at`, `updated_at`) VALUES ('2017-08-04 12:56:38', '2017-08-04 12:56:38')[0m
  [1m[35m (0.1ms)[0m  [1m[35mCOMMIT[0m
  [1m[36mUser Load (0.3ms)[0m  [1m[34mSELECT `users`.* FROM `users`[0m
  [1m[35m (0.1ms)[0m  [1m[35mBEGIN[0m
  [1m[35mSQL (0.2ms)[0m  [1m[31mDELETE FROM `users` WHERE `users`.`id` = 3[0m
  [1m[35m (0.1ms)[0m  [1m[35mCOMMIT[0m
  [1m[35m (0.1ms)[0m  [1m[35mBEGIN[0m
  [1m[35mSQL (0.2ms)[0m  [1m[31mDELETE FROM `users` WHERE `users`.`id` = 4[0m
  [1m[35m (0.1ms)[0m  [1m[35mCOMMIT[0m
  [1m[36mBook Load (0.2ms)[0m  [1m[34mSELECT `books`.* FROM `books`[0m
  [1m[35m (0.1ms)[0m  [1m[35mBEGIN[0m
  [1m[35mSQL (0.3ms)[0m  [1m[31mDELETE FROM `books` WHERE `books`.`id` = 2[0m
  [1m[35m (0.2ms)[0m  [1m[35mCOMMIT[0m
  [1m[36mRent Load (0.2ms)[0m  [1m[34mSELECT `rents`.* FROM `rents`[0m
  [1m[35m (0.1ms)[0m  [1m[35mBEGIN[0m
  [1m[35mSQL (0.2ms)[0m  [1m[31mDELETE FROM `rents` WHERE `rents`.`id` = 2[0m
  [1m[35m (0.3ms)[0m  [1m[35mCOMMIT[0m
  [1m[35m (0.3ms)[0m  [1m[34mSELECT COUNT(*) FROM `users`[0m
  [1m[35m (0.3ms)[0m  [1m[34mSELECT COUNT(*) FROM `books`[0m
  [1m[35m (0.3ms)[0m  [1m[34mSELECT COUNT(*) FROM `rents`[0m
  [1m[35m (0.6ms)[0m  [1m[34mSELECT COUNT(*) FROM `users`[0m
  [1m[35m (0.3ms)[0m  [1m[35mSET NAMES utf8 COLLATE utf8_unicode_ci,  @@SESSION.sql_mode = CONCAT(CONCAT(@@sql_mode, ',STRICT_ALL_TABLES'), ',NO_AUTO_VALUE_ON_ZERO'),  @@SESSION.sql_auto_is_null = 0, @@SESSION.wait_timeout = 2147483[0m
  [1m[35m (2.8ms)[0m  [1m[35mDROP TABLE IF EXISTS `rents`[0m
  [1m[35m (27.6ms)[0m  [1m[35mCREATE TABLE `rents` (`id` bigint NOT NULL AUTO_INCREMENT PRIMARY KEY, `book_id` int, `user_id` int, `created_at` datetime NOT NULL, `updated_at` datetime NOT NULL) ENGINE=InnoDB[0m
  [1m[35m (2.8ms)[0m  [1m[35mDROP TABLE IF EXISTS `books`[0m
  [1m[35m (31.4ms)[0m  [1m[35mCREATE TABLE `books` (`id` bigint NOT NULL AUTO_INCREMENT PRIMARY KEY, `user_id` int, `created_at` datetime NOT NULL, `updated_at` datetime NOT NULL) ENGINE=InnoDB[0m
  [1m[35m (2.0ms)[0m  [1m[35mDROP TABLE IF EXISTS `users`[0m
  [1m[35m (30.8ms)[0m  [1m[35mCREATE TABLE `users` (`id` bigint NOT NULL AUTO_INCREMENT PRIMARY KEY, `created_at` datetime NOT NULL, `updated_at` datetime NOT NULL) ENGINE=InnoDB[0m
  [1m[36mActiveRecord::InternalMetadata Load (0.3ms)[0m  [1m[34mSELECT  `ar_internal_metadata`.* FROM `ar_internal_metadata` WHERE `ar_internal_metadata`.`key` = 'environment' LIMIT 1[0m
  [1m[35m (0.2ms)[0m  [1m[35mBEGIN[0m
  [1m[35m (0.1ms)[0m  [1m[35mCOMMIT[0m
  [1m[35m (0.2ms)[0m  [1m[35mBEGIN[0m
  [1m[35mSQL (0.3ms)[0m  [1m[32mINSERT INTO `users` (`created_at`, `updated_at`) VALUES ('2017-08-04 13:06:28', '2017-08-04 13:06:28')[0m
  [1m[35m (0.2ms)[0m  [1m[35mCOMMIT[0m
  [1m[35m (0.2ms)[0m  [1m[35mBEGIN[0m
  [1m[35mSQL (0.3ms)[0m  [1m[32mINSERT INTO `books` (`user_id`, `created_at`, `updated_at`) VALUES (1, '2017-08-04 13:06:28', '2017-08-04 13:06:28')[0m
  [1m[35m (0.2ms)[0m  [1m[35mCOMMIT[0m
  [1m[35m (0.2ms)[0m  [1m[35mBEGIN[0m
  [1m[35mSQL (0.2ms)[0m  [1m[32mINSERT INTO `rents` (`book_id`, `user_id`, `created_at`, `updated_at`) VALUES (1, 1, '2017-08-04 13:06:29', '2017-08-04 13:06:29')[0m
  [1m[35m (0.1ms)[0m  [1m[35mCOMMIT[0m
  [1m[35m (0.1ms)[0m  [1m[35mBEGIN[0m
  [1m[35mSQL (0.3ms)[0m  [1m[32mINSERT INTO `users` (`created_at`, `updated_at`) VALUES ('2017-08-04 13:06:29', '2017-08-04 13:06:29')[0m
  [1m[35m (0.1ms)[0m  [1m[35mCOMMIT[0m
  [1m[35m (0.3ms)[0m  [1m[35mBEGIN[0m
  [1m[35mSQL (0.8ms)[0m  [1m[32mINSERT INTO `users` (`created_at`, `updated_at`) VALUES ('2017-08-04 13:06:29', '2017-08-04 13:06:29')[0m
  [1m[35m (0.3ms)[0m  [1m[35mCOMMIT[0m
  [1m[35m (0.2ms)[0m  [1m[35mBEGIN[0m
  [1m[35mSQL (0.2ms)[0m  [1m[32mINSERT INTO `books` (`user_id`, `created_at`, `updated_at`) VALUES (3, '2017-08-04 13:06:29', '2017-08-04 13:06:29')[0m
  [1m[35m (0.1ms)[0m  [1m[35mCOMMIT[0m
  [1m[35m (0.1ms)[0m  [1m[35mBEGIN[0m
  [1m[35mSQL (0.2ms)[0m  [1m[32mINSERT INTO `rents` (`book_id`, `user_id`, `created_at`, `updated_at`) VALUES (2, 3, '2017-08-04 13:06:29', '2017-08-04 13:06:29')[0m
  [1m[35m (0.1ms)[0m  [1m[35mCOMMIT[0m
  [1m[35m (0.1ms)[0m  [1m[35mBEGIN[0m
  [1m[35mSQL (0.2ms)[0m  [1m[32mINSERT INTO `users` (`created_at`, `updated_at`) VALUES ('2017-08-04 13:06:29', '2017-08-04 13:06:29')[0m
  [1m[35m (0.2ms)[0m  [1m[35mCOMMIT[0m
  [1m[36mUser Load (0.4ms)[0m  [1m[34mSELECT `users`.* FROM `users`[0m
  [1m[35m (0.1ms)[0m  [1m[35mBEGIN[0m
  [1m[35mSQL (0.2ms)[0m  [1m[31mDELETE FROM `users` WHERE `users`.`id` = 1[0m
  [1m[35m (0.2ms)[0m  [1m[35mCOMMIT[0m
  [1m[35m (0.1ms)[0m  [1m[35mBEGIN[0m
  [1m[35mSQL (0.2ms)[0m  [1m[31mDELETE FROM `users` WHERE `users`.`id` = 2[0m
  [1m[35m (0.1ms)[0m  [1m[35mCOMMIT[0m
  [1m[35m (0.1ms)[0m  [1m[35mBEGIN[0m
  [1m[35mSQL (0.2ms)[0m  [1m[31mDELETE FROM `users` WHERE `users`.`id` = 3[0m
  [1m[35m (0.2ms)[0m  [1m[35mCOMMIT[0m
  [1m[35m (0.1ms)[0m  [1m[35mBEGIN[0m
  [1m[35mSQL (0.2ms)[0m  [1m[31mDELETE FROM `users` WHERE `users`.`id` = 4[0m
  [1m[35m (0.1ms)[0m  [1m[35mCOMMIT[0m
  [1m[36mBook Load (0.2ms)[0m  [1m[34mSELECT `books`.* FROM `books`[0m
  [1m[35m (0.2ms)[0m  [1m[35mBEGIN[0m
  [1m[35mSQL (0.3ms)[0m  [1m[31mDELETE FROM `books` WHERE `books`.`id` = 1[0m
  [1m[35m (0.1ms)[0m  [1m[35mCOMMIT[0m
  [1m[35m (0.1ms)[0m  [1m[35mBEGIN[0m
  [1m[35mSQL (0.2ms)[0m  [1m[31mDELETE FROM `books` WHERE `books`.`id` = 2[0m
  [1m[35m (0.1ms)[0m  [1m[35mCOMMIT[0m
  [1m[36mRent Load (0.2ms)[0m  [1m[34mSELECT `rents`.* FROM `rents`[0m
  [1m[35m (0.1ms)[0m  [1m[35mBEGIN[0m
  [1m[35mSQL (0.2ms)[0m  [1m[31mDELETE FROM `rents` WHERE `rents`.`id` = 1[0m
  [1m[35m (0.1ms)[0m  [1m[35mCOMMIT[0m
  [1m[35m (0.1ms)[0m  [1m[35mBEGIN[0m
  [1m[35mSQL (0.2ms)[0m  [1m[31mDELETE FROM `rents` WHERE `rents`.`id` = 2[0m
  [1m[35m (0.1ms)[0m  [1m[35mCOMMIT[0m
  [1m[35m (0.2ms)[0m  [1m[34mSELECT COUNT(*) FROM `users`[0m
  [1m[35m (0.1ms)[0m  [1m[34mSELECT COUNT(*) FROM `books`[0m
  [1m[35m (0.1ms)[0m  [1m[34mSELECT COUNT(*) FROM `rents`[0m
  [1m[35m (0.5ms)[0m  [1m[34mSELECT COUNT(*) FROM `users`[0m
  [1m[35m (0.3ms)[0m  [1m[35mSET NAMES utf8 COLLATE utf8_unicode_ci,  @@SESSION.sql_mode = CONCAT(CONCAT(@@sql_mode, ',STRICT_ALL_TABLES'), ',NO_AUTO_VALUE_ON_ZERO'),  @@SESSION.sql_auto_is_null = 0, @@SESSION.wait_timeout = 2147483[0m
  [1m[35m (3.6ms)[0m  [1m[35mDROP TABLE IF EXISTS `rents`[0m
  [1m[35m (26.3ms)[0m  [1m[35mCREATE TABLE `rents` (`id` bigint NOT NULL AUTO_INCREMENT PRIMARY KEY, `book_id` int, `user_id` int, `created_at` datetime NOT NULL, `updated_at` datetime NOT NULL) ENGINE=InnoDB[0m
  [1m[35m (2.8ms)[0m  [1m[35mDROP TABLE IF EXISTS `books`[0m
  [1m[35m (28.9ms)[0m  [1m[35mCREATE TABLE `books` (`id` bigint NOT NULL AUTO_INCREMENT PRIMARY KEY, `user_id` int, `created_at` datetime NOT NULL, `updated_at` datetime NOT NULL) ENGINE=InnoDB[0m
  [1m[35m (1.8ms)[0m  [1m[35mDROP TABLE IF EXISTS `users`[0m
  [1m[35m (31.9ms)[0m  [1m[35mCREATE TABLE `users` (`id` bigint NOT NULL AUTO_INCREMENT PRIMARY KEY, `created_at` datetime NOT NULL, `updated_at` datetime NOT NULL) ENGINE=InnoDB[0m
  [1m[36mActiveRecord::InternalMetadata Load (0.3ms)[0m  [1m[34mSELECT  `ar_internal_metadata`.* FROM `ar_internal_metadata` WHERE `ar_internal_metadata`.`key` = 'environment' LIMIT 1[0m
  [1m[35m (0.1ms)[0m  [1m[35mBEGIN[0m
  [1m[35m (0.2ms)[0m  [1m[35mCOMMIT[0m
  [1m[35m (0.2ms)[0m  [1m[35mBEGIN[0m
  [1m[35mSQL (0.3ms)[0m  [1m[32mINSERT INTO `users` (`created_at`, `updated_at`) VALUES ('2017-08-04 13:07:58', '2017-08-04 13:07:58')[0m
  [1m[35m (0.1ms)[0m  [1m[35mCOMMIT[0m
  [1m[35m (0.2ms)[0m  [1m[35mBEGIN[0m
  [1m[35mSQL (0.3ms)[0m  [1m[32mINSERT INTO `books` (`user_id`, `created_at`, `updated_at`) VALUES (1, '2017-08-04 13:07:58', '2017-08-04 13:07:58')[0m
  [1m[35m (0.1ms)[0m  [1m[35mCOMMIT[0m
  [1m[35m (0.2ms)[0m  [1m[35mBEGIN[0m
  [1m[35mSQL (0.3ms)[0m  [1m[32mINSERT INTO `rents` (`book_id`, `user_id`, `created_at`, `updated_at`) VALUES (1, 1, '2017-08-04 13:07:58', '2017-08-04 13:07:58')[0m
  [1m[35m (0.1ms)[0m  [1m[35mCOMMIT[0m
  [1m[35m (0.1ms)[0m  [1m[35mBEGIN[0m
  [1m[35mSQL (0.3ms)[0m  [1m[32mINSERT INTO `users` (`created_at`, `updated_at`) VALUES ('2017-08-04 13:07:58', '2017-08-04 13:07:58')[0m
  [1m[35m (0.1ms)[0m  [1m[35mCOMMIT[0m
  [1m[36mUser Load (0.3ms)[0m  [1m[34mSELECT `users`.* FROM `users`[0m
  [1m[35m (0.3ms)[0m  [1m[35mBEGIN[0m
  [1m[35mSQL (0.3ms)[0m  [1m[31mDELETE FROM `users` WHERE `users`.`id` = 1[0m
  [1m[35m (0.2ms)[0m  [1m[35mCOMMIT[0m
  [1m[35m (0.2ms)[0m  [1m[35mBEGIN[0m
  [1m[35mSQL (0.2ms)[0m  [1m[31mDELETE FROM `users` WHERE `users`.`id` = 2[0m
  [1m[35m (0.1ms)[0m  [1m[35mCOMMIT[0m
  [1m[36mBook Load (0.2ms)[0m  [1m[34mSELECT `books`.* FROM `books`[0m
  [1m[35m (0.1ms)[0m  [1m[35mBEGIN[0m
  [1m[35mSQL (0.2ms)[0m  [1m[31mDELETE FROM `books` WHERE `books`.`id` = 1[0m
  [1m[35m (0.1ms)[0m  [1m[35mCOMMIT[0m
  [1m[36mRent Load (0.2ms)[0m  [1m[34mSELECT `rents`.* FROM `rents`[0m
  [1m[35m (0.1ms)[0m  [1m[35mBEGIN[0m
  [1m[35mSQL (0.2ms)[0m  [1m[31mDELETE FROM `rents` WHERE `rents`.`id` = 1[0m
  [1m[35m (0.2ms)[0m  [1m[35mCOMMIT[0m
  [1m[35m (0.2ms)[0m  [1m[34mSELECT COUNT(*) FROM `users`[0m
  [1m[35m (0.1ms)[0m  [1m[34mSELECT COUNT(*) FROM `books`[0m
  [1m[35m (0.1ms)[0m  [1m[34mSELECT COUNT(*) FROM `rents`[0m
  [1m[35m (0.4ms)[0m  [1m[34mSELECT COUNT(*) FROM `users`[0m
  [1m[35m (0.2ms)[0m  [1m[34mSELECT COUNT(*) FROM `books`[0m
  [1m[35m (0.1ms)[0m  [1m[35mBEGIN[0m
  [1m[35mSQL (0.2ms)[0m  [1m[32mINSERT INTO `users` (`created_at`, `updated_at`) VALUES ('2017-08-04 13:07:58', '2017-08-04 13:07:58')[0m
  [1m[35m (0.1ms)[0m  [1m[35mCOMMIT[0m
  [1m[35m (0.1ms)[0m  [1m[35mBEGIN[0m
  [1m[35mSQL (0.2ms)[0m  [1m[32mINSERT INTO `books` (`user_id`, `created_at`, `updated_at`) VALUES (3, '2017-08-04 13:07:58', '2017-08-04 13:07:58')[0m
  [1m[35m (0.1ms)[0m  [1m[35mCOMMIT[0m
  [1m[35m (0.1ms)[0m  [1m[35mBEGIN[0m
  [1m[35mSQL (0.3ms)[0m  [1m[32mINSERT INTO `rents` (`book_id`, `user_id`, `created_at`, `updated_at`) VALUES (2, 3, '2017-08-04 13:07:58', '2017-08-04 13:07:58')[0m
  [1m[35m (0.2ms)[0m  [1m[35mCOMMIT[0m
  [1m[35m (0.1ms)[0m  [1m[35mBEGIN[0m
  [1m[35mSQL (0.4ms)[0m  [1m[32mINSERT INTO `users` (`created_at`, `updated_at`) VALUES ('2017-08-04 13:07:58', '2017-08-04 13:07:58')[0m
  [1m[35m (0.2ms)[0m  [1m[35mCOMMIT[0m
  [1m[35m (0.3ms)[0m  [1m[35mSET NAMES utf8 COLLATE utf8_unicode_ci,  @@SESSION.sql_mode = CONCAT(CONCAT(@@sql_mode, ',STRICT_ALL_TABLES'), ',NO_AUTO_VALUE_ON_ZERO'),  @@SESSION.sql_auto_is_null = 0, @@SESSION.wait_timeout = 2147483[0m
  [1m[35m (4.0ms)[0m  [1m[35mDROP TABLE IF EXISTS `rents`[0m
  [1m[35m (34.9ms)[0m  [1m[35mCREATE TABLE `rents` (`id` bigint NOT NULL AUTO_INCREMENT PRIMARY KEY, `book_id` int, `user_id` int, `created_at` datetime NOT NULL, `updated_at` datetime NOT NULL) ENGINE=InnoDB[0m
  [1m[35m (2.7ms)[0m  [1m[35mDROP TABLE IF EXISTS `books`[0m
  [1m[35m (33.8ms)[0m  [1m[35mCREATE TABLE `books` (`id` bigint NOT NULL AUTO_INCREMENT PRIMARY KEY, `user_id` int, `created_at` datetime NOT NULL, `updated_at` datetime NOT NULL) ENGINE=InnoDB[0m
  [1m[35m (2.1ms)[0m  [1m[35mDROP TABLE IF EXISTS `users`[0m
  [1m[35m (27.6ms)[0m  [1m[35mCREATE TABLE `users` (`id` bigint NOT NULL AUTO_INCREMENT PRIMARY KEY, `created_at` datetime NOT NULL, `updated_at` datetime NOT NULL) ENGINE=InnoDB[0m
  [1m[36mActiveRecord::InternalMetadata Load (0.3ms)[0m  [1m[34mSELECT  `ar_internal_metadata`.* FROM `ar_internal_metadata` WHERE `ar_internal_metadata`.`key` = 'environment' LIMIT 1[0m
  [1m[35m (0.1ms)[0m  [1m[35mBEGIN[0m
  [1m[35m (0.1ms)[0m  [1m[35mCOMMIT[0m
  [1m[35m (0.1ms)[0m  [1m[35mBEGIN[0m
  [1m[35mSQL (0.2ms)[0m  [1m[32mINSERT INTO `users` (`created_at`, `updated_at`) VALUES ('2017-08-04 13:08:09', '2017-08-04 13:08:09')[0m
  [1m[35m (0.1ms)[0m  [1m[35mCOMMIT[0m
  [1m[35m (0.2ms)[0m  [1m[35mBEGIN[0m
  [1m[35mSQL (0.2ms)[0m  [1m[32mINSERT INTO `books` (`user_id`, `created_at`, `updated_at`) VALUES (1, '2017-08-04 13:08:09', '2017-08-04 13:08:09')[0m
  [1m[35m (0.1ms)[0m  [1m[35mCOMMIT[0m
  [1m[35m (0.2ms)[0m  [1m[35mBEGIN[0m
  [1m[35mSQL (0.2ms)[0m  [1m[32mINSERT INTO `rents` (`book_id`, `user_id`, `created_at`, `updated_at`) VALUES (1, 1, '2017-08-04 13:08:09', '2017-08-04 13:08:09')[0m
  [1m[35m (0.1ms)[0m  [1m[35mCOMMIT[0m
  [1m[35m (0.1ms)[0m  [1m[35mBEGIN[0m
  [1m[35mSQL (0.2ms)[0m  [1m[32mINSERT INTO `users` (`created_at`, `updated_at`) VALUES ('2017-08-04 13:08:09', '2017-08-04 13:08:09')[0m
  [1m[35m (0.1ms)[0m  [1m[35mCOMMIT[0m
  [1m[35m (0.1ms)[0m  [1m[35mBEGIN[0m
  [1m[35mSQL (0.2ms)[0m  [1m[32mINSERT INTO `users` (`created_at`, `updated_at`) VALUES ('2017-08-04 13:08:09', '2017-08-04 13:08:09')[0m
  [1m[35m (0.1ms)[0m  [1m[35mCOMMIT[0m
  [1m[35m (0.1ms)[0m  [1m[35mBEGIN[0m
  [1m[35mSQL (0.2ms)[0m  [1m[32mINSERT INTO `books` (`user_id`, `created_at`, `updated_at`) VALUES (3, '2017-08-04 13:08:09', '2017-08-04 13:08:09')[0m
  [1m[35m (0.1ms)[0m  [1m[35mCOMMIT[0m
  [1m[35m (0.1ms)[0m  [1m[35mBEGIN[0m
  [1m[35mSQL (0.3ms)[0m  [1m[32mINSERT INTO `rents` (`book_id`, `user_id`, `created_at`, `updated_at`) VALUES (2, 3, '2017-08-04 13:08:09', '2017-08-04 13:08:09')[0m
  [1m[35m (0.2ms)[0m  [1m[35mCOMMIT[0m
  [1m[35m (0.1ms)[0m  [1m[35mBEGIN[0m
  [1m[35mSQL (0.2ms)[0m  [1m[32mINSERT INTO `users` (`created_at`, `updated_at`) VALUES ('2017-08-04 13:08:09', '2017-08-04 13:08:09')[0m
  [1m[35m (0.2ms)[0m  [1m[35mCOMMIT[0m
  [1m[36mUser Load (0.4ms)[0m  [1m[34mSELECT `users`.* FROM `users`[0m
  [1m[35m (0.2ms)[0m  [1m[35mBEGIN[0m
  [1m[35mSQL (0.6ms)[0m  [1m[31mDELETE FROM `users` WHERE `users`.`id` = 1[0m
  [1m[35m (0.2ms)[0m  [1m[35mCOMMIT[0m
  [1m[35m (0.1ms)[0m  [1m[35mBEGIN[0m
  [1m[35mSQL (0.2ms)[0m  [1m[31mDELETE FROM `users` WHERE `users`.`id` = 2[0m
  [1m[35m (0.1ms)[0m  [1m[35mCOMMIT[0m
  [1m[35m (0.1ms)[0m  [1m[35mBEGIN[0m
  [1m[35mSQL (0.2ms)[0m  [1m[31mDELETE FROM `users` WHERE `users`.`id` = 3[0m
  [1m[35m (0.1ms)[0m  [1m[35mCOMMIT[0m
  [1m[35m (0.1ms)[0m  [1m[35mBEGIN[0m
  [1m[35mSQL (0.2ms)[0m  [1m[31mDELETE FROM `users` WHERE `users`.`id` = 4[0m
  [1m[35m (0.1ms)[0m  [1m[35mCOMMIT[0m
  [1m[36mBook Load (0.4ms)[0m  [1m[34mSELECT `books`.* FROM `books`[0m
  [1m[35m (0.1ms)[0m  [1m[35mBEGIN[0m
  [1m[35mSQL (0.4ms)[0m  [1m[31mDELETE FROM `books` WHERE `books`.`id` = 1[0m
  [1m[35m (0.2ms)[0m  [1m[35mCOMMIT[0m
  [1m[35m (0.2ms)[0m  [1m[35mBEGIN[0m
  [1m[35mSQL (0.4ms)[0m  [1m[31mDELETE FROM `books` WHERE `books`.`id` = 2[0m
  [1m[35m (0.2ms)[0m  [1m[35mCOMMIT[0m
  [1m[36mRent Load (0.2ms)[0m  [1m[34mSELECT `rents`.* FROM `rents`[0m
  [1m[35m (0.1ms)[0m  [1m[35mBEGIN[0m
  [1m[35mSQL (0.2ms)[0m  [1m[31mDELETE FROM `rents` WHERE `rents`.`id` = 1[0m
  [1m[35m (0.2ms)[0m  [1m[35mCOMMIT[0m
  [1m[35m (0.1ms)[0m  [1m[35mBEGIN[0m
  [1m[35mSQL (0.3ms)[0m  [1m[31mDELETE FROM `rents` WHERE `rents`.`id` = 2[0m
  [1m[35m (0.1ms)[0m  [1m[35mCOMMIT[0m
  [1m[35m (0.3ms)[0m  [1m[34mSELECT COUNT(*) FROM `users`[0m
  [1m[35m (0.2ms)[0m  [1m[34mSELECT COUNT(*) FROM `books`[0m
  [1m[35m (0.2ms)[0m  [1m[34mSELECT COUNT(*) FROM `rents`[0m
  [1m[35m (0.3ms)[0m  [1m[34mSELECT COUNT(*) FROM `users`[0m
  [1m[35m (0.2ms)[0m  [1m[34mSELECT COUNT(*) FROM `books`[0m
  [1m[35m (0.1ms)[0m  [1m[34mSELECT COUNT(*) FROM `rents`[0m
  [1m[35m (0.3ms)[0m  [1m[35mSET NAMES utf8 COLLATE utf8_unicode_ci,  @@SESSION.sql_mode = CONCAT(CONCAT(@@sql_mode, ',STRICT_ALL_TABLES'), ',NO_AUTO_VALUE_ON_ZERO'),  @@SESSION.sql_auto_is_null = 0, @@SESSION.wait_timeout = 2147483[0m
  [1m[35m (2.8ms)[0m  [1m[35mDROP TABLE IF EXISTS `rents`[0m
  [1m[35m (27.2ms)[0m  [1m[35mCREATE TABLE `rents` (`id` bigint NOT NULL AUTO_INCREMENT PRIMARY KEY, `book_id` int, `user_id` int, `created_at` datetime NOT NULL, `updated_at` datetime NOT NULL) ENGINE=InnoDB[0m
  [1m[35m (2.5ms)[0m  [1m[35mDROP TABLE IF EXISTS `books`[0m
  [1m[35m (35.8ms)[0m  [1m[35mCREATE TABLE `books` (`id` bigint NOT NULL AUTO_INCREMENT PRIMARY KEY, `user_id` int, `created_at` datetime NOT NULL, `updated_at` datetime NOT NULL) ENGINE=InnoDB[0m
  [1m[35m (1.9ms)[0m  [1m[35mDROP TABLE IF EXISTS `users`[0m
  [1m[35m (36.9ms)[0m  [1m[35mCREATE TABLE `users` (`id` bigint NOT NULL AUTO_INCREMENT PRIMARY KEY, `created_at` datetime NOT NULL, `updated_at` datetime NOT NULL) ENGINE=InnoDB[0m
  [1m[36mActiveRecord::InternalMetadata Load (0.3ms)[0m  [1m[34mSELECT  `ar_internal_metadata`.* FROM `ar_internal_metadata` WHERE `ar_internal_metadata`.`key` = 'environment' LIMIT 1[0m
  [1m[35m (0.2ms)[0m  [1m[35mBEGIN[0m
  [1m[35m (0.1ms)[0m  [1m[35mCOMMIT[0m
  [1m[35m (0.1ms)[0m  [1m[35mBEGIN[0m
  [1m[35mSQL (0.3ms)[0m  [1m[32mINSERT INTO `users` (`created_at`, `updated_at`) VALUES ('2017-08-04 13:09:28', '2017-08-04 13:09:28')[0m
  [1m[35m (0.1ms)[0m  [1m[35mCOMMIT[0m
  [1m[35m (0.2ms)[0m  [1m[35mBEGIN[0m
  [1m[35mSQL (0.2ms)[0m  [1m[32mINSERT INTO `books` (`user_id`, `created_at`, `updated_at`) VALUES (1, '2017-08-04 13:09:28', '2017-08-04 13:09:28')[0m
  [1m[35m (0.1ms)[0m  [1m[35mCOMMIT[0m
  [1m[35m (0.3ms)[0m  [1m[35mBEGIN[0m
  [1m[35mSQL (0.5ms)[0m  [1m[32mINSERT INTO `rents` (`book_id`, `user_id`, `created_at`, `updated_at`) VALUES (1, 1, '2017-08-04 13:09:28', '2017-08-04 13:09:28')[0m
  [1m[35m (0.2ms)[0m  [1m[35mCOMMIT[0m
  [1m[35m (0.3ms)[0m  [1m[35mBEGIN[0m
  [1m[35mSQL (0.5ms)[0m  [1m[32mINSERT INTO `users` (`created_at`, `updated_at`) VALUES ('2017-08-04 13:09:28', '2017-08-04 13:09:28')[0m
  [1m[35m (0.3ms)[0m  [1m[35mCOMMIT[0m
  [1m[35m (0.1ms)[0m  [1m[35mBEGIN[0m
  [1m[35mSQL (0.2ms)[0m  [1m[32mINSERT INTO `users` (`created_at`, `updated_at`) VALUES ('2017-08-04 13:09:28', '2017-08-04 13:09:28')[0m
  [1m[35m (0.1ms)[0m  [1m[35mCOMMIT[0m
  [1m[35m (0.1ms)[0m  [1m[35mBEGIN[0m
  [1m[35mSQL (0.2ms)[0m  [1m[32mINSERT INTO `books` (`user_id`, `created_at`, `updated_at`) VALUES (3, '2017-08-04 13:09:28', '2017-08-04 13:09:28')[0m
  [1m[35m (0.1ms)[0m  [1m[35mCOMMIT[0m
  [1m[35m (0.1ms)[0m  [1m[35mBEGIN[0m
  [1m[35mSQL (0.4ms)[0m  [1m[32mINSERT INTO `rents` (`book_id`, `user_id`, `created_at`, `updated_at`) VALUES (2, 3, '2017-08-04 13:09:28', '2017-08-04 13:09:28')[0m
  [1m[35m (0.2ms)[0m  [1m[35mCOMMIT[0m
  [1m[35m (0.1ms)[0m  [1m[35mBEGIN[0m
  [1m[35mSQL (0.3ms)[0m  [1m[32mINSERT INTO `users` (`created_at`, `updated_at`) VALUES ('2017-08-04 13:09:28', '2017-08-04 13:09:28')[0m
  [1m[35m (0.1ms)[0m  [1m[35mCOMMIT[0m
  [1m[35m (0.4ms)[0m  [1m[34mSELECT COUNT(*) FROM `users`[0m
  [1m[36mUser Load (0.3ms)[0m  [1m[34mSELECT `users`.* FROM `users`[0m
  [1m[35m (0.2ms)[0m  [1m[35mBEGIN[0m
  [1m[35mSQL (0.2ms)[0m  [1m[31mDELETE FROM `users` WHERE `users`.`id` = 1[0m
  [1m[35m (0.2ms)[0m  [1m[35mCOMMIT[0m
  [1m[35m (0.1ms)[0m  [1m[35mBEGIN[0m
  [1m[35mSQL (0.2ms)[0m  [1m[31mDELETE FROM `users` WHERE `users`.`id` = 2[0m
  [1m[35m (0.1ms)[0m  [1m[35mCOMMIT[0m
  [1m[35m (0.1ms)[0m  [1m[35mBEGIN[0m
  [1m[35mSQL (0.3ms)[0m  [1m[31mDELETE FROM `users` WHERE `users`.`id` = 3[0m
  [1m[35m (0.2ms)[0m  [1m[35mCOMMIT[0m
  [1m[35m (0.1ms)[0m  [1m[35mBEGIN[0m
  [1m[35mSQL (0.2ms)[0m  [1m[31mDELETE FROM `users` WHERE `users`.`id` = 4[0m
  [1m[35m (0.2ms)[0m  [1m[35mCOMMIT[0m
  [1m[36mBook Load (0.2ms)[0m  [1m[34mSELECT `books`.* FROM `books`[0m
  [1m[35m (0.1ms)[0m  [1m[35mBEGIN[0m
  [1m[35mSQL (0.2ms)[0m  [1m[31mDELETE FROM `books` WHERE `books`.`id` = 1[0m
  [1m[35m (0.2ms)[0m  [1m[35mCOMMIT[0m
  [1m[35m (0.1ms)[0m  [1m[35mBEGIN[0m
  [1m[35mSQL (0.2ms)[0m  [1m[31mDELETE FROM `books` WHERE `books`.`id` = 2[0m
  [1m[35m (0.1ms)[0m  [1m[35mCOMMIT[0m
  [1m[36mRent Load (0.2ms)[0m  [1m[34mSELECT `rents`.* FROM `rents`[0m
  [1m[35m (0.1ms)[0m  [1m[35mBEGIN[0m
  [1m[35mSQL (0.3ms)[0m  [1m[31mDELETE FROM `rents` WHERE `rents`.`id` = 1[0m
  [1m[35m (0.2ms)[0m  [1m[35mCOMMIT[0m
  [1m[35m (0.2ms)[0m  [1m[35mBEGIN[0m
  [1m[35mSQL (0.3ms)[0m  [1m[31mDELETE FROM `rents` WHERE `rents`.`id` = 2[0m
  [1m[35m (0.2ms)[0m  [1m[35mCOMMIT[0m
  [1m[35m (0.3ms)[0m  [1m[34mSELECT COUNT(*) FROM `users`[0m
  [1m[35m (0.3ms)[0m  [1m[34mSELECT COUNT(*) FROM `books`[0m
  [1m[35m (0.3ms)[0m  [1m[34mSELECT COUNT(*) FROM `rents`[0m
  [1m[35m (0.3ms)[0m  [1m[34mSELECT COUNT(*) FROM `users`[0m
  [1m[35m (0.3ms)[0m  [1m[34mSELECT COUNT(*) FROM `users`[0m
  [1m[35m (0.3ms)[0m  [1m[34mSELECT COUNT(*) FROM `users`[0m
  [1m[35m (0.2ms)[0m  [1m[34mSELECT COUNT(*) FROM `books`[0m
  [1m[35m (0.2ms)[0m  [1m[34mSELECT COUNT(*) FROM `rents`[0m
  [1m[35m (0.3ms)[0m  [1m[35mSET NAMES utf8 COLLATE utf8_unicode_ci,  @@SESSION.sql_mode = CONCAT(CONCAT(@@sql_mode, ',STRICT_ALL_TABLES'), ',NO_AUTO_VALUE_ON_ZERO'),  @@SESSION.sql_auto_is_null = 0, @@SESSION.wait_timeout = 2147483[0m
  [1m[35m (3.9ms)[0m  [1m[35mDROP TABLE IF EXISTS `rents`[0m
  [1m[35m (33.8ms)[0m  [1m[35mCREATE TABLE `rents` (`id` bigint NOT NULL AUTO_INCREMENT PRIMARY KEY, `book_id` int, `user_id` int, `created_at` datetime NOT NULL, `updated_at` datetime NOT NULL) ENGINE=InnoDB[0m
  [1m[35m (2.6ms)[0m  [1m[35mDROP TABLE IF EXISTS `books`[0m
  [1m[35m (24.7ms)[0m  [1m[35mCREATE TABLE `books` (`id` bigint NOT NULL AUTO_INCREMENT PRIMARY KEY, `user_id` int, `created_at` datetime NOT NULL, `updated_at` datetime NOT NULL) ENGINE=InnoDB[0m
  [1m[35m (1.9ms)[0m  [1m[35mDROP TABLE IF EXISTS `users`[0m
  [1m[35m (31.0ms)[0m  [1m[35mCREATE TABLE `users` (`id` bigint NOT NULL AUTO_INCREMENT PRIMARY KEY, `created_at` datetime NOT NULL, `updated_at` datetime NOT NULL) ENGINE=InnoDB[0m
  [1m[36mActiveRecord::InternalMetadata Load (0.3ms)[0m  [1m[34mSELECT  `ar_internal_metadata`.* FROM `ar_internal_metadata` WHERE `ar_internal_metadata`.`key` = 'environment' LIMIT 1[0m
  [1m[35m (0.1ms)[0m  [1m[35mBEGIN[0m
  [1m[35m (0.1ms)[0m  [1m[35mCOMMIT[0m
  [1m[35m (0.2ms)[0m  [1m[35mBEGIN[0m
  [1m[35mSQL (0.3ms)[0m  [1m[32mINSERT INTO `users` (`created_at`, `updated_at`) VALUES ('2017-08-04 13:10:51', '2017-08-04 13:10:51')[0m
  [1m[35m (0.1ms)[0m  [1m[35mCOMMIT[0m
  [1m[35m (0.2ms)[0m  [1m[35mBEGIN[0m
  [1m[35mSQL (0.3ms)[0m  [1m[32mINSERT INTO `books` (`user_id`, `created_at`, `updated_at`) VALUES (1, '2017-08-04 13:10:51', '2017-08-04 13:10:51')[0m
  [1m[35m (0.1ms)[0m  [1m[35mCOMMIT[0m
  [1m[35m (0.1ms)[0m  [1m[35mBEGIN[0m
  [1m[35mSQL (0.3ms)[0m  [1m[32mINSERT INTO `rents` (`book_id`, `user_id`, `created_at`, `updated_at`) VALUES (1, 1, '2017-08-04 13:10:51', '2017-08-04 13:10:51')[0m
  [1m[35m (0.1ms)[0m  [1m[35mCOMMIT[0m
  [1m[35m (0.5ms)[0m  [1m[35mBEGIN[0m
  [1m[35mSQL (0.6ms)[0m  [1m[32mINSERT INTO `users` (`created_at`, `updated_at`) VALUES ('2017-08-04 13:10:51', '2017-08-04 13:10:51')[0m
  [1m[35m (0.4ms)[0m  [1m[35mCOMMIT[0m
  [1m[35m (0.4ms)[0m  [1m[35mBEGIN[0m
  [1m[35mSQL (0.2ms)[0m  [1m[32mINSERT INTO `users` (`created_at`, `updated_at`) VALUES ('2017-08-04 13:10:51', '2017-08-04 13:10:51')[0m
  [1m[35m (0.1ms)[0m  [1m[35mCOMMIT[0m
  [1m[35m (0.1ms)[0m  [1m[35mBEGIN[0m
  [1m[35mSQL (0.4ms)[0m  [1m[32mINSERT INTO `books` (`user_id`, `created_at`, `updated_at`) VALUES (3, '2017-08-04 13:10:51', '2017-08-04 13:10:51')[0m
  [1m[35m (0.3ms)[0m  [1m[35mCOMMIT[0m
  [1m[35m (0.1ms)[0m  [1m[35mBEGIN[0m
  [1m[35mSQL (0.3ms)[0m  [1m[32mINSERT INTO `rents` (`book_id`, `user_id`, `created_at`, `updated_at`) VALUES (2, 3, '2017-08-04 13:10:51', '2017-08-04 13:10:51')[0m
  [1m[35m (0.1ms)[0m  [1m[35mCOMMIT[0m
  [1m[35m (0.1ms)[0m  [1m[35mBEGIN[0m
  [1m[35mSQL (0.2ms)[0m  [1m[32mINSERT INTO `users` (`created_at`, `updated_at`) VALUES ('2017-08-04 13:10:51', '2017-08-04 13:10:51')[0m
  [1m[35m (0.1ms)[0m  [1m[35mCOMMIT[0m
  [1m[35m (0.3ms)[0m  [1m[35mSET NAMES utf8 COLLATE utf8_unicode_ci,  @@SESSION.sql_mode = CONCAT(CONCAT(@@sql_mode, ',STRICT_ALL_TABLES'), ',NO_AUTO_VALUE_ON_ZERO'),  @@SESSION.sql_auto_is_null = 0, @@SESSION.wait_timeout = 2147483[0m
  [1m[35m (3.9ms)[0m  [1m[35mDROP TABLE IF EXISTS `rents`[0m
  [1m[35m (35.2ms)[0m  [1m[35mCREATE TABLE `rents` (`id` bigint NOT NULL AUTO_INCREMENT PRIMARY KEY, `book_id` int, `user_id` int, `created_at` datetime NOT NULL, `updated_at` datetime NOT NULL) ENGINE=InnoDB[0m
  [1m[35m (2.5ms)[0m  [1m[35mDROP TABLE IF EXISTS `books`[0m
  [1m[35m (30.6ms)[0m  [1m[35mCREATE TABLE `books` (`id` bigint NOT NULL AUTO_INCREMENT PRIMARY KEY, `user_id` int, `created_at` datetime NOT NULL, `updated_at` datetime NOT NULL) ENGINE=InnoDB[0m
  [1m[35m (2.2ms)[0m  [1m[35mDROP TABLE IF EXISTS `users`[0m
  [1m[35m (30.0ms)[0m  [1m[35mCREATE TABLE `users` (`id` bigint NOT NULL AUTO_INCREMENT PRIMARY KEY, `created_at` datetime NOT NULL, `updated_at` datetime NOT NULL) ENGINE=InnoDB[0m
  [1m[36mActiveRecord::InternalMetadata Load (0.3ms)[0m  [1m[34mSELECT  `ar_internal_metadata`.* FROM `ar_internal_metadata` WHERE `ar_internal_metadata`.`key` = 'environment' LIMIT 1[0m
  [1m[35m (0.2ms)[0m  [1m[35mBEGIN[0m
  [1m[35m (0.1ms)[0m  [1m[35mCOMMIT[0m
  [1m[35m (0.4ms)[0m  [1m[35mBEGIN[0m
  [1m[35mSQL (0.3ms)[0m  [1m[32mINSERT INTO `users` (`created_at`, `updated_at`) VALUES ('2017-08-04 13:11:19', '2017-08-04 13:11:19')[0m
  [1m[35m (0.1ms)[0m  [1m[35mCOMMIT[0m
  [1m[35m (0.2ms)[0m  [1m[35mBEGIN[0m
  [1m[35mSQL (0.2ms)[0m  [1m[32mINSERT INTO `books` (`user_id`, `created_at`, `updated_at`) VALUES (1, '2017-08-04 13:11:19', '2017-08-04 13:11:19')[0m
  [1m[35m (0.1ms)[0m  [1m[35mCOMMIT[0m
  [1m[35m (0.2ms)[0m  [1m[35mBEGIN[0m
  [1m[35mSQL (0.3ms)[0m  [1m[32mINSERT INTO `rents` (`book_id`, `user_id`, `created_at`, `updated_at`) VALUES (1, 1, '2017-08-04 13:11:19', '2017-08-04 13:11:19')[0m
  [1m[35m (0.1ms)[0m  [1m[35mCOMMIT[0m
  [1m[35m (0.1ms)[0m  [1m[35mBEGIN[0m
  [1m[35mSQL (0.4ms)[0m  [1m[32mINSERT INTO `users` (`created_at`, `updated_at`) VALUES ('2017-08-04 13:11:19', '2017-08-04 13:11:19')[0m
  [1m[35m (0.3ms)[0m  [1m[35mCOMMIT[0m
  [1m[36mUser Load (0.3ms)[0m  [1m[34mSELECT `users`.* FROM `users`[0m
  [1m[35m (0.2ms)[0m  [1m[35mBEGIN[0m
  [1m[35mSQL (0.2ms)[0m  [1m[31mDELETE FROM `users` WHERE `users`.`id` = 1[0m
  [1m[35m (0.2ms)[0m  [1m[35mCOMMIT[0m
  [1m[35m (0.1ms)[0m  [1m[35mBEGIN[0m
  [1m[35mSQL (0.2ms)[0m  [1m[31mDELETE FROM `users` WHERE `users`.`id` = 2[0m
  [1m[35m (0.1ms)[0m  [1m[35mCOMMIT[0m
  [1m[36mBook Load (0.2ms)[0m  [1m[34mSELECT `books`.* FROM `books`[0m
  [1m[35m (0.1ms)[0m  [1m[35mBEGIN[0m
  [1m[35mSQL (0.2ms)[0m  [1m[31mDELETE FROM `books` WHERE `books`.`id` = 1[0m
  [1m[35m (0.1ms)[0m  [1m[35mCOMMIT[0m
  [1m[36mRent Load (0.2ms)[0m  [1m[34mSELECT `rents`.* FROM `rents`[0m
  [1m[35m (0.1ms)[0m  [1m[35mBEGIN[0m
  [1m[35mSQL (0.6ms)[0m  [1m[31mDELETE FROM `rents` WHERE `rents`.`id` = 1[0m
  [1m[35m (0.3ms)[0m  [1m[35mCOMMIT[0m
  [1m[35m (0.1ms)[0m  [1m[35mBEGIN[0m
  [1m[35mSQL (0.2ms)[0m  [1m[32mINSERT INTO `users` (`created_at`, `updated_at`) VALUES ('2017-08-04 13:11:20', '2017-08-04 13:11:20')[0m
  [1m[35m (0.1ms)[0m  [1m[35mCOMMIT[0m
  [1m[35m (0.1ms)[0m  [1m[35mBEGIN[0m
  [1m[35mSQL (0.2ms)[0m  [1m[32mINSERT INTO `books` (`user_id`, `created_at`, `updated_at`) VALUES (3, '2017-08-04 13:11:20', '2017-08-04 13:11:20')[0m
  [1m[35m (0.1ms)[0m  [1m[35mCOMMIT[0m
  [1m[35m (0.1ms)[0m  [1m[35mBEGIN[0m
  [1m[35mSQL (0.3ms)[0m  [1m[32mINSERT INTO `rents` (`book_id`, `user_id`, `created_at`, `updated_at`) VALUES (2, 3, '2017-08-04 13:11:20', '2017-08-04 13:11:20')[0m
  [1m[35m (0.1ms)[0m  [1m[35mCOMMIT[0m
  [1m[35m (0.1ms)[0m  [1m[35mBEGIN[0m
  [1m[35mSQL (0.4ms)[0m  [1m[32mINSERT INTO `users` (`created_at`, `updated_at`) VALUES ('2017-08-04 13:11:20', '2017-08-04 13:11:20')[0m
  [1m[35m (0.2ms)[0m  [1m[35mCOMMIT[0m
  [1m[36mUser Load (0.8ms)[0m  [1m[34mSELECT `users`.* FROM `users`[0m
  [1m[35m (0.2ms)[0m  [1m[35mBEGIN[0m
  [1m[35mSQL (0.2ms)[0m  [1m[31mDELETE FROM `users` WHERE `users`.`id` = 3[0m
  [1m[35m (0.1ms)[0m  [1m[35mCOMMIT[0m
  [1m[35m (0.1ms)[0m  [1m[35mBEGIN[0m
  [1m[35mSQL (0.2ms)[0m  [1m[31mDELETE FROM `users` WHERE `users`.`id` = 4[0m
  [1m[35m (0.1ms)[0m  [1m[35mCOMMIT[0m
  [1m[36mBook Load (0.2ms)[0m  [1m[34mSELECT `books`.* FROM `books`[0m
  [1m[35m (0.1ms)[0m  [1m[35mBEGIN[0m
  [1m[35mSQL (0.4ms)[0m  [1m[31mDELETE FROM `books` WHERE `books`.`id` = 2[0m
  [1m[35m (0.2ms)[0m  [1m[35mCOMMIT[0m
  [1m[36mRent Load (1.0ms)[0m  [1m[34mSELECT `rents`.* FROM `rents`[0m
  [1m[35m (0.3ms)[0m  [1m[35mBEGIN[0m
  [1m[35mSQL (0.4ms)[0m  [1m[31mDELETE FROM `rents` WHERE `rents`.`id` = 2[0m
  [1m[35m (0.2ms)[0m  [1m[35mCOMMIT[0m
  [1m[35m (0.3ms)[0m  [1m[34mSELECT COUNT(*) FROM `users`[0m
  [1m[35m (0.3ms)[0m  [1m[34mSELECT COUNT(*) FROM `books`[0m
  [1m[35m (0.3ms)[0m  [1m[34mSELECT COUNT(*) FROM `rents`[0m
  [1m[35m (0.4ms)[0m  [1m[34mSELECT COUNT(*) FROM `users`[0m
  [1m[35m (0.4ms)[0m  [1m[34mSELECT COUNT(*) FROM `users`[0m
  [1m[35m (0.3ms)[0m  [1m[34mSELECT COUNT(*) FROM `users`[0m
  [1m[35m (0.2ms)[0m  [1m[34mSELECT COUNT(*) FROM `books`[0m
  [1m[35m (0.2ms)[0m  [1m[34mSELECT COUNT(*) FROM `rents`[0m
  [1m[35m (0.3ms)[0m  [1m[35mSET NAMES utf8 COLLATE utf8_unicode_ci,  @@SESSION.sql_mode = CONCAT(CONCAT(@@sql_mode, ',STRICT_ALL_TABLES'), ',NO_AUTO_VALUE_ON_ZERO'),  @@SESSION.sql_auto_is_null = 0, @@SESSION.wait_timeout = 2147483[0m
  [1m[35m (3.8ms)[0m  [1m[35mDROP TABLE IF EXISTS `rents`[0m
  [1m[35m (35.5ms)[0m  [1m[35mCREATE TABLE `rents` (`id` bigint NOT NULL AUTO_INCREMENT PRIMARY KEY, `book_id` int, `user_id` int, `created_at` datetime NOT NULL, `updated_at` datetime NOT NULL) ENGINE=InnoDB[0m
  [1m[35m (2.6ms)[0m  [1m[35mDROP TABLE IF EXISTS `books`[0m
  [1m[35m (25.2ms)[0m  [1m[35mCREATE TABLE `books` (`id` bigint NOT NULL AUTO_INCREMENT PRIMARY KEY, `user_id` int, `created_at` datetime NOT NULL, `updated_at` datetime NOT NULL) ENGINE=InnoDB[0m
  [1m[35m (1.9ms)[0m  [1m[35mDROP TABLE IF EXISTS `users`[0m
  [1m[35m (34.6ms)[0m  [1m[35mCREATE TABLE `users` (`id` bigint NOT NULL AUTO_INCREMENT PRIMARY KEY, `created_at` datetime NOT NULL, `updated_at` datetime NOT NULL) ENGINE=InnoDB[0m
  [1m[36mActiveRecord::InternalMetadata Load (0.3ms)[0m  [1m[34mSELECT  `ar_internal_metadata`.* FROM `ar_internal_metadata` WHERE `ar_internal_metadata`.`key` = 'environment' LIMIT 1[0m
  [1m[35m (0.2ms)[0m  [1m[35mBEGIN[0m
  [1m[35m (0.1ms)[0m  [1m[35mCOMMIT[0m
  [1m[35m (0.1ms)[0m  [1m[35mBEGIN[0m
  [1m[35mSQL (0.3ms)[0m  [1m[32mINSERT INTO `users` (`created_at`, `updated_at`) VALUES ('2017-08-04 13:12:16', '2017-08-04 13:12:16')[0m
  [1m[35m (0.2ms)[0m  [1m[35mCOMMIT[0m
  [1m[35m (0.3ms)[0m  [1m[35mBEGIN[0m
  [1m[35mSQL (0.5ms)[0m  [1m[32mINSERT INTO `books` (`user_id`, `created_at`, `updated_at`) VALUES (1, '2017-08-04 13:12:16', '2017-08-04 13:12:16')[0m
  [1m[35m (0.2ms)[0m  [1m[35mCOMMIT[0m
  [1m[35m (0.2ms)[0m  [1m[35mBEGIN[0m
  [1m[35mSQL (0.2ms)[0m  [1m[32mINSERT INTO `rents` (`book_id`, `user_id`, `created_at`, `updated_at`) VALUES (1, 1, '2017-08-04 13:12:16', '2017-08-04 13:12:16')[0m
  [1m[35m (0.1ms)[0m  [1m[35mCOMMIT[0m
  [1m[35m (0.1ms)[0m  [1m[35mBEGIN[0m
  [1m[35mSQL (0.2ms)[0m  [1m[32mINSERT INTO `users` (`created_at`, `updated_at`) VALUES ('2017-08-04 13:12:16', '2017-08-04 13:12:16')[0m
  [1m[35m (0.1ms)[0m  [1m[35mCOMMIT[0m
  [1m[36mUser Load (0.3ms)[0m  [1m[34mSELECT `users`.* FROM `users`[0m
  [1m[35m (0.1ms)[0m  [1m[35mBEGIN[0m
  [1m[35mSQL (0.2ms)[0m  [1m[31mDELETE FROM `users` WHERE `users`.`id` = 1[0m
  [1m[35m (0.1ms)[0m  [1m[35mCOMMIT[0m
  [1m[35m (0.1ms)[0m  [1m[35mBEGIN[0m
  [1m[35mSQL (0.2ms)[0m  [1m[31mDELETE FROM `users` WHERE `users`.`id` = 2[0m
  [1m[35m (0.1ms)[0m  [1m[35mCOMMIT[0m
  [1m[36mBook Load (0.2ms)[0m  [1m[34mSELECT `books`.* FROM `books`[0m
  [1m[35m (0.1ms)[0m  [1m[35mBEGIN[0m
  [1m[35mSQL (0.2ms)[0m  [1m[31mDELETE FROM `books` WHERE `books`.`id` = 1[0m
  [1m[35m (0.1ms)[0m  [1m[35mCOMMIT[0m
  [1m[36mRent Load (0.2ms)[0m  [1m[34mSELECT `rents`.* FROM `rents`[0m
  [1m[35m (0.1ms)[0m  [1m[35mBEGIN[0m
  [1m[35mSQL (0.2ms)[0m  [1m[31mDELETE FROM `rents` WHERE `rents`.`id` = 1[0m
  [1m[35m (0.1ms)[0m  [1m[35mCOMMIT[0m
  [1m[35m (0.2ms)[0m  [1m[34mSELECT COUNT(*) FROM `users`[0m
  [1m[35m (0.2ms)[0m  [1m[34mSELECT COUNT(*) FROM `books`[0m
  [1m[35m (0.1ms)[0m  [1m[34mSELECT COUNT(*) FROM `rents`[0m
  [1m[35m (0.4ms)[0m  [1m[34mSELECT COUNT(*) FROM `users`[0m
  [1m[35m (0.3ms)[0m  [1m[34mSELECT COUNT(*) FROM `users`[0m
  [1m[35m (0.6ms)[0m  [1m[34mSELECT COUNT(*) FROM `books`[0m
  [1m[35m (0.5ms)[0m  [1m[34mSELECT COUNT(*) FROM `rents`[0m
  [1m[35m (0.4ms)[0m  [1m[35mBEGIN[0m
  [1m[35mSQL (0.3ms)[0m  [1m[32mINSERT INTO `users` (`created_at`, `updated_at`) VALUES ('2017-08-04 13:12:44', '2017-08-04 13:12:44')[0m
  [1m[35m (0.1ms)[0m  [1m[35mCOMMIT[0m
  [1m[35m (0.2ms)[0m  [1m[35mBEGIN[0m
  [1m[35mSQL (0.2ms)[0m  [1m[32mINSERT INTO `books` (`user_id`, `created_at`, `updated_at`) VALUES (3, '2017-08-04 13:12:44', '2017-08-04 13:12:44')[0m
  [1m[35m (0.2ms)[0m  [1m[35mCOMMIT[0m
  [1m[35m (0.2ms)[0m  [1m[35mBEGIN[0m
  [1m[35mSQL (0.4ms)[0m  [1m[32mINSERT INTO `rents` (`book_id`, `user_id`, `created_at`, `updated_at`) VALUES (2, 3, '2017-08-04 13:12:44', '2017-08-04 13:12:44')[0m
  [1m[35m (0.2ms)[0m  [1m[35mCOMMIT[0m
  [1m[35m (0.1ms)[0m  [1m[35mBEGIN[0m
  [1m[35mSQL (0.5ms)[0m  [1m[32mINSERT INTO `users` (`created_at`, `updated_at`) VALUES ('2017-08-04 13:12:44', '2017-08-04 13:12:44')[0m
  [1m[35m (0.6ms)[0m  [1m[35mCOMMIT[0m
  [1m[36mUser Load (1.8ms)[0m  [1m[34mSELECT `users`.* FROM `users`[0m
  [1m[35m (0.4ms)[0m  [1m[35mBEGIN[0m
  [1m[35mSQL (0.7ms)[0m  [1m[31mDELETE FROM `users` WHERE `users`.`id` = 3[0m
  [1m[35m (0.5ms)[0m  [1m[35mCOMMIT[0m
  [1m[35m (0.2ms)[0m  [1m[35mBEGIN[0m
  [1m[35mSQL (0.2ms)[0m  [1m[31mDELETE FROM `users` WHERE `users`.`id` = 4[0m
  [1m[35m (0.2ms)[0m  [1m[35mCOMMIT[0m
  [1m[36mBook Load (0.3ms)[0m  [1m[34mSELECT `books`.* FROM `books`[0m
  [1m[35m (0.2ms)[0m  [1m[35mBEGIN[0m
  [1m[35mSQL (0.3ms)[0m  [1m[31mDELETE FROM `books` WHERE `books`.`id` = 2[0m
  [1m[35m (0.2ms)[0m  [1m[35mCOMMIT[0m
  [1m[36mRent Load (0.3ms)[0m  [1m[34mSELECT `rents`.* FROM `rents`[0m
  [1m[35m (0.2ms)[0m  [1m[35mBEGIN[0m
  [1m[35mSQL (0.5ms)[0m  [1m[31mDELETE FROM `rents` WHERE `rents`.`id` = 2[0m
  [1m[35m (0.2ms)[0m  [1m[35mCOMMIT[0m
  [1m[35m (0.2ms)[0m  [1m[35mSET NAMES utf8 COLLATE utf8_unicode_ci,  @@SESSION.sql_mode = CONCAT(CONCAT(@@sql_mode, ',STRICT_ALL_TABLES'), ',NO_AUTO_VALUE_ON_ZERO'),  @@SESSION.sql_auto_is_null = 0, @@SESSION.wait_timeout = 2147483[0m
  [1m[35m (3.5ms)[0m  [1m[35mDROP TABLE IF EXISTS `rents`[0m
  [1m[35m (36.6ms)[0m  [1m[35mCREATE TABLE `rents` (`id` bigint NOT NULL AUTO_INCREMENT PRIMARY KEY, `book_id` int, `user_id` int, `created_at` datetime NOT NULL, `updated_at` datetime NOT NULL) ENGINE=InnoDB[0m
  [1m[35m (2.7ms)[0m  [1m[35mDROP TABLE IF EXISTS `books`[0m
  [1m[35m (30.3ms)[0m  [1m[35mCREATE TABLE `books` (`id` bigint NOT NULL AUTO_INCREMENT PRIMARY KEY, `user_id` int, `created_at` datetime NOT NULL, `updated_at` datetime NOT NULL) ENGINE=InnoDB[0m
  [1m[35m (1.7ms)[0m  [1m[35mDROP TABLE IF EXISTS `users`[0m
  [1m[35m (28.2ms)[0m  [1m[35mCREATE TABLE `users` (`id` bigint NOT NULL AUTO_INCREMENT PRIMARY KEY, `created_at` datetime NOT NULL, `updated_at` datetime NOT NULL) ENGINE=InnoDB[0m
  [1m[36mActiveRecord::InternalMetadata Load (0.3ms)[0m  [1m[34mSELECT  `ar_internal_metadata`.* FROM `ar_internal_metadata` WHERE `ar_internal_metadata`.`key` = 'environment' LIMIT 1[0m
  [1m[35m (0.2ms)[0m  [1m[35mBEGIN[0m
  [1m[35m (0.1ms)[0m  [1m[35mCOMMIT[0m
  [1m[35m (0.1ms)[0m  [1m[35mBEGIN[0m
  [1m[35mSQL (0.3ms)[0m  [1m[32mINSERT INTO `users` (`created_at`, `updated_at`) VALUES ('2017-08-04 13:13:12', '2017-08-04 13:13:12')[0m
  [1m[35m (0.2ms)[0m  [1m[35mCOMMIT[0m
  [1m[35m (0.3ms)[0m  [1m[35mBEGIN[0m
  [1m[35mSQL (0.3ms)[0m  [1m[32mINSERT INTO `books` (`user_id`, `created_at`, `updated_at`) VALUES (1, '2017-08-04 13:13:12', '2017-08-04 13:13:12')[0m
  [1m[35m (0.1ms)[0m  [1m[35mCOMMIT[0m
  [1m[35m (0.2ms)[0m  [1m[35mBEGIN[0m
  [1m[35mSQL (0.2ms)[0m  [1m[32mINSERT INTO `rents` (`book_id`, `user_id`, `created_at`, `updated_at`) VALUES (1, 1, '2017-08-04 13:13:12', '2017-08-04 13:13:12')[0m
  [1m[35m (0.1ms)[0m  [1m[35mCOMMIT[0m
  [1m[35m (0.1ms)[0m  [1m[35mBEGIN[0m
  [1m[35mSQL (0.2ms)[0m  [1m[32mINSERT INTO `users` (`created_at`, `updated_at`) VALUES ('2017-08-04 13:13:12', '2017-08-04 13:13:12')[0m
  [1m[35m (0.1ms)[0m  [1m[35mCOMMIT[0m
  [1m[36mUser Load (0.8ms)[0m  [1m[34mSELECT `users`.* FROM `users`[0m
  [1m[35m (0.3ms)[0m  [1m[35mBEGIN[0m
  [1m[35mSQL (0.3ms)[0m  [1m[31mDELETE FROM `users` WHERE `users`.`id` = 1[0m
  [1m[35m (0.1ms)[0m  [1m[35mCOMMIT[0m
  [1m[35m (0.1ms)[0m  [1m[35mBEGIN[0m
  [1m[35mSQL (0.2ms)[0m  [1m[31mDELETE FROM `users` WHERE `users`.`id` = 2[0m
  [1m[35m (0.1ms)[0m  [1m[35mCOMMIT[0m
  [1m[36mBook Load (0.2ms)[0m  [1m[34mSELECT `books`.* FROM `books`[0m
  [1m[35m (0.1ms)[0m  [1m[35mBEGIN[0m
  [1m[35mSQL (0.4ms)[0m  [1m[31mDELETE FROM `books` WHERE `books`.`id` = 1[0m
  [1m[35m (0.2ms)[0m  [1m[35mCOMMIT[0m
  [1m[36mRent Load (0.2ms)[0m  [1m[34mSELECT `rents`.* FROM `rents`[0m
  [1m[35m (0.2ms)[0m  [1m[35mBEGIN[0m
  [1m[35mSQL (0.3ms)[0m  [1m[31mDELETE FROM `rents` WHERE `rents`.`id` = 1[0m
  [1m[35m (0.1ms)[0m  [1m[35mCOMMIT[0m
  [1m[35m (0.5ms)[0m  [1m[34mSELECT COUNT(*) FROM `users`[0m
  [1m[35m (0.6ms)[0m  [1m[34mSELECT COUNT(*) FROM `books`[0m
  [1m[35m (0.3ms)[0m  [1m[34mSELECT COUNT(*) FROM `rents`[0m
  [1m[35m (0.3ms)[0m  [1m[34mSELECT COUNT(*) FROM `users`[0m
  [1m[35m (0.2ms)[0m  [1m[34mSELECT COUNT(*) FROM `books`[0m
  [1m[35m (0.1ms)[0m  [1m[34mSELECT COUNT(*) FROM `rents`[0m
  [1m[35m (0.2ms)[0m  [1m[35mBEGIN[0m
  [1m[35mSQL (0.6ms)[0m  [1m[32mINSERT INTO `users` (`created_at`, `updated_at`) VALUES ('2017-08-04 13:14:11', '2017-08-04 13:14:11')[0m
  [1m[35m (0.4ms)[0m  [1m[35mCOMMIT[0m
  [1m[35m (0.3ms)[0m  [1m[35mBEGIN[0m
  [1m[35mSQL (0.2ms)[0m  [1m[32mINSERT INTO `books` (`user_id`, `created_at`, `updated_at`) VALUES (3, '2017-08-04 13:14:11', '2017-08-04 13:14:11')[0m
  [1m[35m (0.1ms)[0m  [1m[35mCOMMIT[0m
  [1m[35m (0.1ms)[0m  [1m[35mBEGIN[0m
  [1m[35mSQL (0.2ms)[0m  [1m[32mINSERT INTO `rents` (`book_id`, `user_id`, `created_at`, `updated_at`) VALUES (2, 3, '2017-08-04 13:14:11', '2017-08-04 13:14:11')[0m
  [1m[35m (0.2ms)[0m  [1m[35mCOMMIT[0m
  [1m[35m (0.1ms)[0m  [1m[35mBEGIN[0m
  [1m[35mSQL (0.4ms)[0m  [1m[32mINSERT INTO `users` (`created_at`, `updated_at`) VALUES ('2017-08-04 13:14:11', '2017-08-04 13:14:11')[0m
  [1m[35m (0.1ms)[0m  [1m[35mCOMMIT[0m
  [1m[35m (0.3ms)[0m  [1m[34mSELECT COUNT(*) FROM `users`[0m
  [1m[36mUser Load (0.4ms)[0m  [1m[34mSELECT `users`.* FROM `users`[0m
  [1m[35m (0.1ms)[0m  [1m[35mBEGIN[0m
  [1m[35mSQL (0.2ms)[0m  [1m[31mDELETE FROM `users` WHERE `users`.`id` = 3[0m
  [1m[35m (0.1ms)[0m  [1m[35mCOMMIT[0m
  [1m[35m (0.1ms)[0m  [1m[35mBEGIN[0m
  [1m[35mSQL (0.2ms)[0m  [1m[31mDELETE FROM `users` WHERE `users`.`id` = 4[0m
  [1m[35m (0.2ms)[0m  [1m[35mCOMMIT[0m
  [1m[36mBook Load (0.3ms)[0m  [1m[34mSELECT `books`.* FROM `books`[0m
  [1m[35m (0.3ms)[0m  [1m[35mBEGIN[0m
  [1m[35mSQL (0.3ms)[0m  [1m[31mDELETE FROM `books` WHERE `books`.`id` = 2[0m
  [1m[35m (0.2ms)[0m  [1m[35mCOMMIT[0m
  [1m[36mRent Load (0.2ms)[0m  [1m[34mSELECT `rents`.* FROM `rents`[0m
  [1m[35m (0.1ms)[0m  [1m[35mBEGIN[0m
  [1m[35mSQL (0.3ms)[0m  [1m[31mDELETE FROM `rents` WHERE `rents`.`id` = 2[0m
  [1m[35m (0.2ms)[0m  [1m[35mCOMMIT[0m
  [1m[35m (0.3ms)[0m  [1m[34mSELECT COUNT(*) FROM `users`[0m
  [1m[35m (0.3ms)[0m  [1m[35mSET NAMES utf8 COLLATE utf8_unicode_ci,  @@SESSION.sql_mode = CONCAT(CONCAT(@@sql_mode, ',STRICT_ALL_TABLES'), ',NO_AUTO_VALUE_ON_ZERO'),  @@SESSION.sql_auto_is_null = 0, @@SESSION.wait_timeout = 2147483[0m
  [1m[35m (3.9ms)[0m  [1m[35mDROP TABLE IF EXISTS `rents`[0m
  [1m[35m (30.7ms)[0m  [1m[35mCREATE TABLE `rents` (`id` bigint NOT NULL AUTO_INCREMENT PRIMARY KEY, `book_id` int, `user_id` int, `created_at` datetime NOT NULL, `updated_at` datetime NOT NULL) ENGINE=InnoDB[0m
  [1m[35m (2.6ms)[0m  [1m[35mDROP TABLE IF EXISTS `books`[0m
  [1m[35m (33.8ms)[0m  [1m[35mCREATE TABLE `books` (`id` bigint NOT NULL AUTO_INCREMENT PRIMARY KEY, `user_id` int, `created_at` datetime NOT NULL, `updated_at` datetime NOT NULL) ENGINE=InnoDB[0m
  [1m[35m (1.7ms)[0m  [1m[35mDROP TABLE IF EXISTS `users`[0m
  [1m[35m (39.1ms)[0m  [1m[35mCREATE TABLE `users` (`id` bigint NOT NULL AUTO_INCREMENT PRIMARY KEY, `created_at` datetime NOT NULL, `updated_at` datetime NOT NULL) ENGINE=InnoDB[0m
  [1m[36mActiveRecord::InternalMetadata Load (0.3ms)[0m  [1m[34mSELECT  `ar_internal_metadata`.* FROM `ar_internal_metadata` WHERE `ar_internal_metadata`.`key` = 'environment' LIMIT 1[0m
  [1m[35m (0.1ms)[0m  [1m[35mBEGIN[0m
  [1m[35m (0.1ms)[0m  [1m[35mCOMMIT[0m
  [1m[35m (0.2ms)[0m  [1m[35mBEGIN[0m
  [1m[35mSQL (0.4ms)[0m  [1m[32mINSERT INTO `users` (`created_at`, `updated_at`) VALUES ('2017-08-04 13:17:26', '2017-08-04 13:17:26')[0m
  [1m[35m (0.2ms)[0m  [1m[35mCOMMIT[0m
  [1m[35m (0.4ms)[0m  [1m[35mBEGIN[0m
  [1m[35mSQL (0.3ms)[0m  [1m[32mINSERT INTO `books` (`user_id`, `created_at`, `updated_at`) VALUES (1, '2017-08-04 13:17:26', '2017-08-04 13:17:26')[0m
  [1m[35m (0.1ms)[0m  [1m[35mCOMMIT[0m
  [1m[35m (0.2ms)[0m  [1m[35mBEGIN[0m
  [1m[35mSQL (0.2ms)[0m  [1m[32mINSERT INTO `rents` (`book_id`, `user_id`, `created_at`, `updated_at`) VALUES (1, 1, '2017-08-04 13:17:26', '2017-08-04 13:17:26')[0m
  [1m[35m (0.1ms)[0m  [1m[35mCOMMIT[0m
  [1m[35m (0.1ms)[0m  [1m[35mBEGIN[0m
  [1m[35mSQL (0.2ms)[0m  [1m[32mINSERT INTO `users` (`created_at`, `updated_at`) VALUES ('2017-08-04 13:17:26', '2017-08-04 13:17:26')[0m
  [1m[35m (0.1ms)[0m  [1m[35mCOMMIT[0m
  [1m[36mUser Load (0.3ms)[0m  [1m[34mSELECT `users`.* FROM `users`[0m
  [1m[35m (0.1ms)[0m  [1m[35mBEGIN[0m
  [1m[35mSQL (0.2ms)[0m  [1m[31mDELETE FROM `users` WHERE `users`.`id` = 1[0m
  [1m[35m (0.1ms)[0m  [1m[35mCOMMIT[0m
  [1m[35m (0.1ms)[0m  [1m[35mBEGIN[0m
  [1m[35mSQL (0.2ms)[0m  [1m[31mDELETE FROM `users` WHERE `users`.`id` = 2[0m
  [1m[35m (0.1ms)[0m  [1m[35mCOMMIT[0m
  [1m[36mBook Load (0.2ms)[0m  [1m[34mSELECT `books`.* FROM `books`[0m
  [1m[35m (0.1ms)[0m  [1m[35mBEGIN[0m
  [1m[35mSQL (0.2ms)[0m  [1m[31mDELETE FROM `books` WHERE `books`.`id` = 1[0m
  [1m[35m (0.1ms)[0m  [1m[35mCOMMIT[0m
  [1m[36mRent Load (0.2ms)[0m  [1m[34mSELECT `rents`.* FROM `rents`[0m
  [1m[35m (0.1ms)[0m  [1m[35mBEGIN[0m
  [1m[35mSQL (0.3ms)[0m  [1m[31mDELETE FROM `rents` WHERE `rents`.`id` = 1[0m
  [1m[35m (0.2ms)[0m  [1m[35mCOMMIT[0m
  [1m[35m (0.4ms)[0m  [1m[34mSELECT COUNT(*) FROM `users`[0m
  [1m[35m (0.2ms)[0m  [1m[34mSELECT COUNT(*) FROM `books`[0m
  [1m[35m (0.2ms)[0m  [1m[34mSELECT COUNT(*) FROM `rents`[0m
  [1m[35m (0.3ms)[0m  [1m[34mSELECT COUNT(*) FROM `users`[0m
  [1m[35m (0.6ms)[0m  [1m[34mSELECT COUNT(*) FROM `books`[0m
  [1m[35m (0.4ms)[0m  [1m[34mSELECT COUNT(*) FROM `rents`[0m
